This is XeTeX, Version 3.141592653-2.6-0.999994 (Web2C 2022/nixos.org) (preloaded format=xelatex 1980.1.1)  9 JAN 2023 11:18
entering extended mode
 restricted \write18 enabled.
 %&-line parsing enabled.
**george_whewell_cv.tex
(./george_whewell_cv.tex
LaTeX2e <2022-11-01> patch level 1
L3 programming layer <2022-12-17>
(/nix/store/zxs2z4wwan2y1ggsrn32qf73n0ibi5va-texlive-combined-2022/share/texmf/
tex/latex/res/res.cls
Document Style `res' <26 Sep 89>.
Document Class: res 2000/05/19 v1.4b Resume class

(/nix/store/zxs2z4wwan2y1ggsrn32qf73n0ibi5va-texlive-combined-2022/share/texmf/
tex/latex/base/article.cls
Document Class: article 2022/07/02 v1.4n Standard LaTeX document class

(/nix/store/zxs2z4wwan2y1ggsrn32qf73n0ibi5va-texlive-combined-2022/share/texmf/
tex/latex/base/size10.clo
File: size10.clo 2022/07/02 v1.4n Standard LaTeX file (size option)
)
\c@part=\count181
\c@section=\count182
\c@subsection=\count183
\c@subsubsection=\count184
\c@paragraph=\count185
\c@subparagraph=\count186
\c@figure=\count187
\c@table=\count188
\abovecaptionskip=\skip48
\belowcaptionskip=\skip49
\bibindent=\dimen140
)
No auxiliary output files.

\tabular@text=\toks16
\tabular@head=\toks17
\tabular@tail=\toks18
\@ta=\toks19
\undefined@token=\toks20
\sectionwidth=\dimen141
\sectionskip=\skip50
\resumewidth=\dimen142
\@columnwidth=\dimen143
\c@numberofcolumns=\count189
)
(/nix/store/zxs2z4wwan2y1ggsrn32qf73n0ibi5va-texlive-combined-2022/share/texmf/
tex/latex/datetime/datetime.sty
Package: datetime 2015/03/20 v2.60 Date Time Package

(/nix/store/zxs2z4wwan2y1ggsrn32qf73n0ibi5va-texlive-combined-2022/share/texmf/
tex/latex/etoolbox/etoolbox.sty
Package: etoolbox 2020/10/05 v2.5k e-TeX tools for LaTeX (JAW)
\etb@tempcnta=\count190
)
(/nix/store/zxs2z4wwan2y1ggsrn32qf73n0ibi5va-texlive-combined-2022/share/texmf/
tex/latex/fmtcount/fmtcount.sty
Invalid UTF-8 byte or sequence at line 10 replaced by U+FFFD.
Invalid UTF-8 byte or sequence at line 22 replaced by U+FFFD.
Package: fmtcount 2020/01/30 v3.07

(/nix/store/zxs2z4wwan2y1ggsrn32qf73n0ibi5va-texlive-combined-2022/share/texmf/
tex/latex/base/ifthen.sty
Package: ifthen 2022/04/13 v1.1d Standard LaTeX ifthen package (DPC)
)
(/nix/store/zxs2z4wwan2y1ggsrn32qf73n0ibi5va-texlive-combined-2022/share/texmf/
tex/latex/xkeyval/xkeyval.sty
Package: xkeyval 2022/06/16 v2.9 package option processing (HA)

(/nix/store/zxs2z4wwan2y1ggsrn32qf73n0ibi5va-texlive-combined-2022/share/texmf/
tex/generic/xkeyval/xkeyval.tex
(/nix/store/zxs2z4wwan2y1ggsrn32qf73n0ibi5va-texlive-combined-2022/share/texmf/
tex/generic/xkeyval/xkvutils.tex
\XKV@toks=\toks21
\XKV@tempa@toks=\toks22

(/nix/store/zxs2z4wwan2y1ggsrn32qf73n0ibi5va-texlive-combined-2022/share/texmf/
tex/generic/xkeyval/keyval.tex))
\XKV@depth=\count191
File: xkeyval.tex 2014/12/03 v2.7a key=value parser (HA)
))
(/nix/store/zxs2z4wwan2y1ggsrn32qf73n0ibi5va-texlive-combined-2022/share/texmf/
tex/latex/fmtcount/fcprefix.sty
Invalid UTF-8 byte or sequence at line 10 replaced by U+FFFD.
Invalid UTF-8 byte or sequence at line 22 replaced by U+FFFD.
Package: fcprefix 2012/09/28

(/nix/store/zxs2z4wwan2y1ggsrn32qf73n0ibi5va-texlive-combined-2022/share/texmf/
tex/latex/fmtcount/fcnumparser.sty
Invalid UTF-8 byte or sequence at line 10 replaced by U+FFFD.
Invalid UTF-8 byte or sequence at line 22 replaced by U+FFFD.
Package: fcnumparser 2017/06/15
\fc@digit@counter=\count192
))
(/nix/store/zxs2z4wwan2y1ggsrn32qf73n0ibi5va-texlive-combined-2022/share/texmf/
tex/latex/amsmath/amsgen.sty
File: amsgen.sty 1999/11/30 v2.0 generic functions
\@emptytoks=\toks23
\ex@=\dimen144
)
\c@padzeroesN=\count193
\fc@tmpcatcode=\count194
\@DT@modctr=\count195
\@ordinalctr=\count196
\@orgargctr=\count197
\@strctr=\count198
\@tmpstrctr=\count199
\@DT@loopN=\count266
\@DT@X=\count267
)
(/nix/store/zxs2z4wwan2y1ggsrn32qf73n0ibi5va-texlive-combined-2022/share/texmf/
tex/latex/datetime/datetime-defaults.sty
Package: datetime-defaults 2013/09/10
)
\@day=\count268
\@month=\count269
\@year=\count270
\c@HOUR=\count271
\c@HOURXII=\count272
\c@MINUTE=\count273
\c@TOHOUR=\count274
\c@TOMINUTE=\count275
\c@SECOND=\count276
\currenthour=\count277
\currentminute=\count278
\currentsecond=\count279
Package datetime Info: No datetime.cfg file found, using default settings on in
put line 308.
\@dtctr=\count280
\dayofyear=\count281
\dayofweek=\count282
LaTeX Info: Redefining \today on input line 736.
\dt@a=\toks24
\dt@b=\toks25
)
(/nix/store/zxs2z4wwan2y1ggsrn32qf73n0ibi5va-texlive-combined-2022/share/texmf/
tex/latex/psnfss/helvet.sty
Package: helvet 2020/03/25 PSNFSS-v9.3 (WaS) 
)
(/nix/store/zxs2z4wwan2y1ggsrn32qf73n0ibi5va-texlive-combined-2022/share/texmf/
tex/latex/hyperref/hyperref.sty
Package: hyperref 2022-11-13 v7.00u Hypertext links for LaTeX

(/nix/store/zxs2z4wwan2y1ggsrn32qf73n0ibi5va-texlive-combined-2022/share/texmf/
tex/generic/ltxcmds/ltxcmds.sty
Package: ltxcmds 2020-05-10 v1.25 LaTeX kernel commands for general use (HO)
)
(/nix/store/zxs2z4wwan2y1ggsrn32qf73n0ibi5va-texlive-combined-2022/share/texmf/
tex/generic/iftex/iftex.sty
Package: iftex 2022/02/03 v1.0f TeX engine tests
)
(/nix/store/zxs2z4wwan2y1ggsrn32qf73n0ibi5va-texlive-combined-2022/share/texmf/
tex/generic/pdftexcmds/pdftexcmds.sty
Package: pdftexcmds 2020-06-27 v0.33 Utility functions of pdfTeX for LuaTeX (HO
)

(/nix/store/zxs2z4wwan2y1ggsrn32qf73n0ibi5va-texlive-combined-2022/share/texmf/
tex/generic/infwarerr/infwarerr.sty
Package: infwarerr 2019/12/03 v1.5 Providing info/warning/error messages (HO)
)
Package pdftexcmds Info: \pdf@primitive is available.
Package pdftexcmds Info: \pdf@ifprimitive is available.
Package pdftexcmds Info: \pdfdraftmode not found.
)
(/nix/store/zxs2z4wwan2y1ggsrn32qf73n0ibi5va-texlive-combined-2022/share/texmf/
tex/latex/kvsetkeys/kvsetkeys.sty
Package: kvsetkeys 2022-10-05 v1.19 Key value parser (HO)
)
(/nix/store/zxs2z4wwan2y1ggsrn32qf73n0ibi5va-texlive-combined-2022/share/texmf/
tex/generic/kvdefinekeys/kvdefinekeys.sty
Package: kvdefinekeys 2019-12-19 v1.6 Define keys (HO)
)
(/nix/store/zxs2z4wwan2y1ggsrn32qf73n0ibi5va-texlive-combined-2022/share/texmf/
tex/generic/pdfescape/pdfescape.sty
Package: pdfescape 2019/12/09 v1.15 Implements pdfTeX's escape features (HO)
)
(/nix/store/zxs2z4wwan2y1ggsrn32qf73n0ibi5va-texlive-combined-2022/share/texmf/
tex/latex/hycolor/hycolor.sty
Package: hycolor 2020-01-27 v1.10 Color options for hyperref/bookmark (HO)
)
(/nix/store/zxs2z4wwan2y1ggsrn32qf73n0ibi5va-texlive-combined-2022/share/texmf/
tex/latex/letltxmacro/letltxmacro.sty
Package: letltxmacro 2019/12/03 v1.6 Let assignment for LaTeX macros (HO)
)
(/nix/store/zxs2z4wwan2y1ggsrn32qf73n0ibi5va-texlive-combined-2022/share/texmf/
tex/latex/auxhook/auxhook.sty
Package: auxhook 2019-12-17 v1.6 Hooks for auxiliary files (HO)
)
(/nix/store/zxs2z4wwan2y1ggsrn32qf73n0ibi5va-texlive-combined-2022/share/texmf/
tex/latex/hyperref/nameref.sty
Package: nameref 2022-05-17 v2.50 Cross-referencing by name of section

(/nix/store/zxs2z4wwan2y1ggsrn32qf73n0ibi5va-texlive-combined-2022/share/texmf/
tex/latex/refcount/refcount.sty
Package: refcount 2019/12/15 v3.6 Data extraction from label references (HO)
)
(/nix/store/zxs2z4wwan2y1ggsrn32qf73n0ibi5va-texlive-combined-2022/share/texmf/
tex/generic/gettitlestring/gettitlestring.sty
Package: gettitlestring 2019/12/15 v1.6 Cleanup title references (HO)

(/nix/store/zxs2z4wwan2y1ggsrn32qf73n0ibi5va-texlive-combined-2022/share/texmf/
tex/latex/kvoptions/kvoptions.sty
Package: kvoptions 2022-06-15 v3.15 Key value format for package options (HO)
))
\c@section@level=\count283
)
\@linkdim=\dimen145
\Hy@linkcounter=\count284
\Hy@pagecounter=\count285

(/nix/store/zxs2z4wwan2y1ggsrn32qf73n0ibi5va-texlive-combined-2022/share/texmf/
tex/latex/hyperref/pd1enc.def
File: pd1enc.def 2022-11-13 v7.00u Hyperref: PDFDocEncoding definition (HO)
)
(/nix/store/zxs2z4wwan2y1ggsrn32qf73n0ibi5va-texlive-combined-2022/share/texmf/
tex/generic/intcalc/intcalc.sty
Package: intcalc 2019/12/15 v1.3 Expandable calculations with integers (HO)
)
(/nix/store/zxs2z4wwan2y1ggsrn32qf73n0ibi5va-texlive-combined-2022/share/texmf/
tex/generic/etexcmds/etexcmds.sty
Package: etexcmds 2019/12/15 v1.7 Avoid name clashes with e-TeX commands (HO)
)
\Hy@SavedSpaceFactor=\count286

(/nix/store/zxs2z4wwan2y1ggsrn32qf73n0ibi5va-texlive-combined-2022/share/texmf/
tex/latex/hyperref/puenc.def
File: puenc.def 2022-11-13 v7.00u Hyperref: PDF Unicode definition (HO)
)
Package hyperref Info: Hyper figures OFF on input line 4162.
Package hyperref Info: Link nesting OFF on input line 4167.
Package hyperref Info: Hyper index ON on input line 4170.
Package hyperref Info: Plain pages OFF on input line 4177.
Package hyperref Info: Backreferencing OFF on input line 4182.
Package hyperref Info: Implicit mode ON; LaTeX internals redefined.
Package hyperref Info: Bookmarks ON on input line 4410.
\c@Hy@tempcnt=\count287

(/nix/store/zxs2z4wwan2y1ggsrn32qf73n0ibi5va-texlive-combined-2022/share/texmf/
tex/latex/url/url.sty
\Urlmuskip=\muskip16
Package: url 2013/09/16  ver 3.4  Verb mode for urls, etc.
)
LaTeX Info: Redefining \url on input line 4748.
\XeTeXLinkMargin=\dimen146

(/nix/store/zxs2z4wwan2y1ggsrn32qf73n0ibi5va-texlive-combined-2022/share/texmf/
tex/generic/bitset/bitset.sty
Package: bitset 2019/12/09 v1.3 Handle bit-vector datatype (HO)

(/nix/store/zxs2z4wwan2y1ggsrn32qf73n0ibi5va-texlive-combined-2022/share/texmf/
tex/generic/bigintcalc/bigintcalc.sty
Package: bigintcalc 2019/12/15 v1.5 Expandable calculations on big integers (HO
)
))
\Fld@menulength=\count288
\Field@Width=\dimen147
\Fld@charsize=\dimen148
Package hyperref Info: Hyper figures OFF on input line 6027.
Package hyperref Info: Link nesting OFF on input line 6032.
Package hyperref Info: Hyper index ON on input line 6035.
Package hyperref Info: backreferencing OFF on input line 6042.
Package hyperref Info: Link coloring OFF on input line 6047.
Package hyperref Info: Link coloring with OCG OFF on input line 6052.
Package hyperref Info: PDF/A mode OFF on input line 6057.

(/nix/store/zxs2z4wwan2y1ggsrn32qf73n0ibi5va-texlive-combined-2022/share/texmf/
tex/latex/base/atbegshi-ltx.sty
Package: atbegshi-ltx 2021/01/10 v1.0c Emulation of the original atbegshi
package with kernel methods
)
\Hy@abspage=\count289
\c@Item=\count290
\c@Hfootnote=\count291
)
Package hyperref Info: Driver (autodetected): hxetex.

(/nix/store/zxs2z4wwan2y1ggsrn32qf73n0ibi5va-texlive-combined-2022/share/texmf/
tex/latex/hyperref/hxetex.def
File: hxetex.def 2022-11-13 v7.00u Hyperref driver for XeTeX

(/nix/store/zxs2z4wwan2y1ggsrn32qf73n0ibi5va-texlive-combined-2022/share/texmf/
tex/generic/stringenc/stringenc.sty
Package: stringenc 2019/11/29 v1.12 Convert strings between diff. encodings (HO
)
)
\pdfm@box=\box51
\c@Hy@AnnotLevel=\count292
\HyField@AnnotCount=\count293
\Fld@listcount=\count294
\c@bookmark@seq@number=\count295

(/nix/store/zxs2z4wwan2y1ggsrn32qf73n0ibi5va-texlive-combined-2022/share/texmf/
tex/latex/rerunfilecheck/rerunfilecheck.sty
Package: rerunfilecheck 2022-07-10 v1.10 Rerun checks for auxiliary files (HO)

(/nix/store/zxs2z4wwan2y1ggsrn32qf73n0ibi5va-texlive-combined-2022/share/texmf/
tex/latex/base/atveryend-ltx.sty
Package: atveryend-ltx 2020/08/19 v1.0a Emulation of the original atveryend pac
kage
with kernel methods
)
(/nix/store/zxs2z4wwan2y1ggsrn32qf73n0ibi5va-texlive-combined-2022/share/texmf/
tex/generic/uniquecounter/uniquecounter.sty
Package: uniquecounter 2019/12/15 v1.4 Provide unlimited unique counter (HO)
)
Package uniquecounter Info: New unique counter `rerunfilecheck' on input line 2
85.
)
\Hy@SectionHShift=\skip51
)
(/nix/store/zxs2z4wwan2y1ggsrn32qf73n0ibi5va-texlive-combined-2022/share/texmf/
tex/latex/l3backend/l3backend-xetex.def
File: l3backend-xetex.def 2022-10-26 L3 backend support: XeTeX
\g__graphics_track_int=\count296
\l__pdf_internal_box=\box52
\g__pdf_backend_object_int=\count297
\g__pdf_backend_annotation_int=\count298
\g__pdf_backend_link_int=\count299
)

LaTeX Warning: Unused global option(s):
    [10pt].

No file george_whewell_cv.aux.
LaTeX Font Info:    Checking defaults for OML/cmm/m/it on input line 15.
LaTeX Font Info:    ... okay on input line 15.
LaTeX Font Info:    Checking defaults for OMS/cmsy/m/n on input line 15.
LaTeX Font Info:    ... okay on input line 15.
LaTeX Font Info:    Checking defaults for OT1/cmr/m/n on input line 15.
LaTeX Font Info:    ... okay on input line 15.
LaTeX Font Info:    Checking defaults for T1/cmr/m/n on input line 15.
LaTeX Font Info:    ... okay on input line 15.
LaTeX Font Info:    Checking defaults for TS1/cmr/m/n on input line 15.
LaTeX Font Info:    Trying to load font information for TS1+cmr on input line 1
5.

(/nix/store/zxs2z4wwan2y1ggsrn32qf73n0ibi5va-texlive-combined-2022/share/texmf/
tex/latex/base/ts1cmr.fd
File: ts1cmr.fd 2022/07/10 v2.5l Standard LaTeX font definitions
)
LaTeX Font Info:    ... okay on input line 15.
LaTeX Font Info:    Checking defaults for TU/lmr/m/n on input line 15.
LaTeX Font Info:    ... okay on input line 15.
LaTeX Font Info:    Checking defaults for OMX/cmex/m/n on input line 15.
LaTeX Font Info:    ... okay on input line 15.
LaTeX Font Info:    Checking defaults for U/cmr/m/n on input line 15.
LaTeX Font Info:    ... okay on input line 15.
LaTeX Font Info:    Checking defaults for PD1/pdf/m/n on input line 15.
LaTeX Font Info:    ... okay on input line 15.
LaTeX Font Info:    Checking defaults for PU/pdf/m/n on input line 15.
LaTeX Font Info:    ... okay on input line 15.

(/nix/store/zxs2z4wwan2y1ggsrn32qf73n0ibi5va-texlive-combined-2022/share/texmf/
tex/latex/fmtcount/fc-english.def
Invalid UTF-8 byte or sequence at line 10 replaced by U+FFFD.
Invalid UTF-8 byte or sequence at line 22 replaced by U+FFFD.
File: fc-english.def 2016/01/12
)
\providecommand\hyper@newdestlabel[2]{}
Package hyperref Info: Link coloring OFF on input line 15.

Package hyperref Warning: Rerun to get /PageLabels entry.

LaTeX Font Info:    External font `cmex10' loaded for size
(Font)              <7> on input line 31.
LaTeX Font Info:    External font `cmex10' loaded for size
(Font)              <5> on input line 31.

Underfull \hbox (badness 10000) in paragraph at lines 49--50

 []


Overfull \hbox (17.21257pt too wide) in paragraph at lines 54--55
[]\TU/lmr/m/n/10 Added new integrations and extended automated yield-farming ap
plication (Golang,
 []


Underfull \hbox (badness 10000) in paragraph at lines 59--61

 []


Underfull \hbox (badness 10000) in paragraph at lines 68--70

 []


Underfull \hbox (badness 10000) in paragraph at lines 77--79

 []

[1

]
Underfull \hbox (badness 10000) in paragraph at lines 85--87

 []


Underfull \hbox (badness 10000) in paragraph at lines 91--93

 []


Overfull \hbox (19.63258pt too wide) in paragraph at lines 95--96
[]\TU/lmr/m/n/10 Developed custom Python library for elastically scraping a web
site using map/reduce
 []


Underfull \hbox (badness 10000) in paragraph at lines 100--102

 []


Underfull \hbox (badness 10000) in paragraph at lines 110--111

 []


Underfull \hbox (badness 10000) in paragraph at lines 117--119

 []


Underfull \hbox (badness 10000) in paragraph at lines 128--130

 []

[2]
Underfull \hbox (badness 10000) in paragraph at lines 136--138

 []


Underfull \hbox (badness 10000) in paragraph at lines 177--178

 []


Underfull \hbox (badness 10000) in paragraph at lines 184--185

 []

[3] [4] ) 
Here is how much of TeX's memory you used:
 8914 strings out of 478777
 149745 string characters out of 5847047
 1859979 words of memory out of 5000000
 28845 multiletter control sequences out of 15000+600000
 512695 words of font info for 39 fonts, out of 8000000 for 9000
 14 hyphenation exceptions out of 8191
 72i,8n,76p,1018b,401s stack positions out of 10000i,1000n,20000p,200000b,200000s

Output written on /nix/store/q3xw8v222kwqcwjbif36s29gvzrp9alh-george-whewell-cv
/george_whewell_cv.pdf (4 pages).
