This is pdfTeX, Version 3.1415926-1.40.10 (TeX Live 2009/Debian) (format=latex 2013.7.23)  23 JUL 2013 21:29
entering extended mode
 %&-line parsing enabled.
**datetime.ins
(./datetime.ins
LaTeX2e <2009/09/24>
Babel <v3.8l> and hyphenation patterns for english, usenglishmax, dumylang, noh
yphenation, loaded.
(/usr/share/texmf-texlive/tex/latex/base/docstrip.tex
\blockLevel=\count79
\emptyLines=\count80
\processedLines=\count81
\commentsRemoved=\count82
\commentsPassed=\count83
\codeLinesPassed=\count84
\TotalprocessedLines=\count85
\TotalcommentsRemoved=\count86
\TotalcommentsPassed=\count87
\TotalcodeLinesPassed=\count88
\NumberOfFiles=\count89
\inFile=\read1
\inputcheck=\read2
\off@0=\count90
\off@1=\count91
\off@2=\count92
\off@3=\count93
\off@4=\count94
\off@5=\count95
\off@6=\count96
\off@7=\count97
\off@8=\count98
\off@9=\count99
\off@10=\count100
\off@11=\count101
\off@12=\count102
\off@13=\count103
\off@14=\count104
\off@15=\count105
\@maxfiles=\count106
\@maxoutfiles=\count107

Utility: `docstrip' 2.5d <2005/07/29>
English documentation    <1999/03/31>

**********************************************************
* This program converts documented macro-files into fast *
* loadable files by stripping off (nearly) all comments! *
**********************************************************

********************************************************
* No Configuration file found, using default settings. *
********************************************************

)

Generating file(s) ./datetime.sty ./dt-american.def ./dt-austrian.def ./dt-baha
sa.def ./dt-basque.def ./dt-breton.def ./dt-british.def ./dt-bulgarian.def ./dt
-catalan.def ./dt-croatian.def ./dt-czech.def ./dt-danish.def ./dt-dutch.def ./
dt-esperanto.def ./dt-estonian.def ./dt-finnish.def ./dt-french.def ./dt-galici
an.def ./dt-german.def ./dt-greek.def ./dt-hebrew.def ./dt-icelandic.def ./dt-i
rish.def ./dt-italian.def ./dt-latin.def ./dt-lsorbian.def ./dt-magyar.def ./dt
-naustrian.def ./dt-ngerman.def ./dt-norsk.def ./dt-polish.def ./dt-portuges.de
f ./dt-romanian.def ./dt-russian.def ./dt-samin.def ./dt-scottish.def ./dt-serb
ian.def ./dt-slovak.def ./dt-slovene.def ./dt-spanish.def ./dt-swedish.def ./dt
-turkish.def ./dt-UKenglish.def ./dt-ukraineb.def ./dt-USenglish.def ./dt-usorb
ian.def ./dt-welsh.def ./dt-lang.tex ./dt-sampl.tex ./datetime.perl 
\openout0 = `./datetime.sty'.

\openout1 = `./dt-american.def'.

\openout2 = `./dt-austrian.def'.

\openout3 = `./dt-bahasa.def'.

\openout4 = `./dt-basque.def'.

\openout5 = `./dt-breton.def'.

\openout6 = `./dt-british.def'.

\openout7 = `./dt-bulgarian.def'.

\openout8 = `./dt-catalan.def'.

\openout9 = `./dt-croatian.def'.

\openout10 = `./dt-czech.def'.

\openout11 = `./dt-danish.def'.

\openout12 = `./dt-dutch.def'.

\openout13 = `./dt-esperanto.def'.

\openout14 = `./dt-estonian.def'.

\openout15 = `./dt-finnish.def'.


Processing file datetime.dtx (datetime.sty,package) -> datetime.sty
                             (dt-american.def,package) -> dt-american.def
                             (dt-austrian.def,package) -> dt-austrian.def
                             (dt-bahasa.def,package) -> dt-bahasa.def
                             (dt-basque.def,package) -> dt-basque.def
                             (dt-breton.def,package) -> dt-breton.def
                             (dt-british.def,package) -> dt-british.def
                             (dt-bulgarian.def,package) -> dt-bulgarian.def
                             (dt-catalan.def,package) -> dt-catalan.def
                             (dt-croatian.def,package) -> dt-croatian.def
                             (dt-czech.def,package) -> dt-czech.def
                             (dt-danish.def,package) -> dt-danish.def
                             (dt-dutch.def,package) -> dt-dutch.def
                             (dt-esperanto.def,package) -> dt-esperanto.def
                             (dt-estonian.def,package) -> dt-estonian.def
                             (dt-finnish.def,package) -> dt-finnish.def
% % % % % % % % % % % % % % % % % <*package > % % % % % % <*driver . . . . . .
. . . . / / . . . > % % % % % % % % % % % % % % % % % % % % % % % % % % % % %
% % % % % % % % % % % % % % % % % % % % % % % % % % % % % % % % % % % % % % %
% % % % % % % % % % % % % % % % % % % % % % % % % % % % % % % % % % % % % % %
% % % % % % % % % % % % % % % % % % % % % % % % % % % % % % % % % % % % % % %
% % % % % % % % % % % % % % % % % % % % % % % % % % % % % % % % % % % % % % %
% % % % % % % % % % % % % % % % % % % % % % % % % % % % % % % % % % % % % % %
% % % % % % % % % % % % % % % % % % % % % % % % % % % % % % % % % % % % % % %
% % % % % % % % % % % % % % % % % % % % % % % % % % % % % % % % % % % % % % %
% % % % % % % % % % % % % % % % % % % % % % % % % % % % % % % % % % % % % % %
% % % % % % % % % % % % % % % % % % % % % % % % % % % % % % % % % % % % % % %
% % % % % % % % % % % % % % % % % % % % % % % % % % % % % % % % % % % % % % %
% % % % % % % % % % % % % % % % % % % % % % % % % % % % % % % % % % % % % % %
% % % % % % % % % % % % % % % % % % % % % % % % % % % % % % % % % % % % % % %
% % % % % % % % % % % % % % % % % % % % % % % % % % % % % % % % % % % % % % %
% % % % % % % % % % % % % % % % % % % % % % % % % % % % % % % % % % % % % % %
% % % % % % % % % % % % % % % % % % % % % % % % % % % % % % % % % % % % % % %
% % % % % % % % % % % % % % % % % % % % % % % % % % % % % % % % % % % % % % %
% % % % % % % % % % % % % % % % % % % % % % % % % % % % % % % % % % % % % % %
% <*datetime.sty % % % % % . . % % % % . % % % . % % % % % % % % % . . % % % %
% % % . % % % % % % % % % % % % . . . . . % % % % % % % % % . % % % % % % % .
. . . . . . % % % % % % % . % % % % % % % % . % % % % . . . % % % % % . . . .
. % % % % % . . . . . % % % % % % % % . % % % % % % % . . . . . % % % % % % .
. . . . % % % % % . . . . % % % % % . . . . . . % % % % % % . . . . . % % % %
% . . . . . . . % % % % % . . . . % % % % % % . . . . . % % % % % . . . . % %
% % % . . . . . . % % % % % % . . . . . % % % % % % % . . . . . . % % % % % .
. . . % % % % % . . . . % % % % % . . . . % % % % % . . . . . . % % % % . . %
% % % % % % % % % % % % % % % % % . . . % % % . . . % % % % % . . . . . . . %
% % % % % % % . . . % % % % % % % . . . % % % % % % . % % % % % % % . . . . .
. . . % % % % % % . . . . . . % % % . . . . . . % % % % % . % % % % % % . % %
% % . % % % . . . . . . . . . . . . . . . . % % % % % % . . . . . . . . . . .
. . . . . . . . . . . . . . % % % % % . . % % % % % . . . % % % % % % % . . .
. . % % % % % % % . . % % % % % . . . % % % . % % % % . % % % % . . . . . . .
. . . . . % % % . % % % . % % % . % % % % % . % % % % . % % % % . . % % % % .
% % % % . % % % % . . % % % % . % % % % . % % % % . % % % % . % % % % . % % %
% . % % % % % % % . . . . % % % % % . . . . . . . . . . . . . . . . . . . . .
. . . . . . . . . . . . . . . . . . . . . . . . . . . . . . . . . . . . . . .
. . . . . . . . . . . . . . . . . . . . . . . . . . . . . . . . . . . . . . .
. . . . . . . . . . . . . . . . . . . . . . . . . . . . . . . . . . . . . . .
. . . % % % % . % % % % . . . . . . . . . . . . . . . . . . . . . . . . . . .
. % % % % % % . % % % . . . . . . . . . % % % . . % % % % % . . . . . . . . .
. . . . . . . . . . . . . . . . . . . . . . . . . . . . . . . . . . . . . % %
% . % % % . . . . % % % % . . % % % . % % % % . % % % % . . . % % % . . . . .
. . . . . . . . . . . . . . . % % % % % % . . . . . . . . . % % % % . % % % %
. % % % % . . . % % % % % . . . . . . . . . . . . . . . . . . . . . % % % % %
% . . . . . . . . . . % % % % . % % % % % % % . % % % % . % % % % . . . . % %
% % % % . . . . . . . . . . . . . . . . . . . . . % % % % . % % % % % % . . .
. . . . . . . . . . . . . . . . . . . . . . . % % % % % . % % % % % % % . . .
. . . . . . . . . . . % % % % % . . . . . . . . . . % % % % % % % . . . . . .
. . . . . . % % % % % . . . . % % % % % . . % % % % % . . . . . . . . . . % %
% % % . . . . . . . . . . . . . % % % % % . . % % % % . % % % % % % % . . . .
% % % % % % % . . . . . . . . . . . . . . . . . . . . . . . . . . . . . . . .
. . . . . . . . . . . . . . . . . . % % % % % % % % % % % . . % % % . . . . .
. . % % % . . . . . . . % % % . . . . . . . . . % % % . . . . . . . . . % % %
. . . % % % % > % % % % <*dt-american.def % % % % % % . % % % . % % % % . % %
% % . % % % % . % % % % . % % % % . % % % % > % % % % <*dt-austrian.def % % %
% % . % % % % . . . . . . . . . . . . . . . . . . . . . % % % % % . . . . % %
% % > % % % % <*dt-bahasa.def % % % % % . % % % . . . . . . . . . . . . . . .
. . . . . . % % % % . . . . . . . . . . . . . . . . . . . . . % % % . . . . %
% % > % % % % <*dt-basque.def % % % % % . % % % . . . . . . . . . . . . . . .
. . . . . % % % % . . . . . . . . . . . . . . . . . . . . . % % % . . . . % %
% > % % % % <*dt-breton.def % % % % % . % % % % . . % % % % . . . . . . . . .
. . . . . . . . . . . . % % % % . . . . . . . . . . . . . . . . . . . . . % %
% . . . . . . . % % % > % % % % <*dt-british.def % % % % % . % % % . % % % % .
% % % % . % % % % . % % % % . % % % % . % % % % > % % % % <*dt-bulgarian.def %
% % % % . % % % . . . . . . . . . . . . . . . . . . . . . % % % % . . . . . .
. . . . . . . . . . . . . . . % % % . . . . % % % > % % % % <*dt-catalan.def %
% % % % . % % % . . . . . . . . . . . . . . . . . . . . . % % % % . . . . . .
. . . . . . . . . . . . . . . % % % . . . . . % % % > % % % %
<*dt-croatian.def % % % % % . % % % . . . . . . . . . . . . . . . . . . . . .
% % % % . . . . . . . . . . . . . . . . . . . . . % % % . . . . % % % > % % %
% <*dt-czech.def % % % % % . % % % . . . . . . . . . . . . . . . . . . . . . %
% % % . . . . . . . . . . . . . . . . . . . . . % % % . . . . % % % > % % % %
<*dt-danish.def % % % % % . % % % . . . . . . . . . . . . . . . . . . . . . %
% % . . . . % % % > % % % % <*dt-dutch.def % % % % % . % % % . . . . . . . . .
. . . . . . . . . . . . % % % . . . . % % % > % % % % <*dt-esperanto.def % % %
% % . % % % . . . . . . . . . . . . . . . . . . . . . % % % . . . . . % % % >
% % % % <*dt-estonian.def % % % % % . % % % . . . . . . . . . . . . . . . . .
. . . . % % % . . . . . % % % > % % % % <*dt-finnish.def % % % % % . % % % . .
. . . . . . . . . . . . . . . . . . . % % % . . . . % % % > % % % %
<*dt-french.def % % % % % . % % % % . . % % % % % % % . % % % % . . . . . . .
. . . % % % . . . . . . . . . . % % % . . . . . . . . . . . . . . . . . . . .
. % % % . . . . . % % % > % % % % <*dt-galician.def % % % % % . % % % . . . .
. . . . . . . . . . . . . . . . . % % % . . . . . % % % > % % % %
<*dt-german.def % % % % % . % % % . . . . . . . . . . . . . . . . . . . . . %
% % . . . . . . . . . . % % . . . . . . . . . . % % % . . . . % % % > % % % %
<*dt-greek.def % % % % % . % % % . . . . . . . . . . . . . . . . . . . . . % %
% . . . . % % % > % % % % <*dt-hebrew.def % % % % % . % % % % . % % % % . . .
. % % % > % % % % <*dt-icelandic.def % % % % % . % % % . . . . . . . . . . . .
. . . . . . . . . % % % . . . . % % % > % % % % <*dt-irish.def % % % % % . % %
% . . . . . . . . . . . . . . . . . . . . . % % % . . . . % % % > % % % %
<*dt-italian.def % % % % . % % % . . . . . . . . . . % % . . . . . . . . . . %
% . . . . . . . . . . . . . . . . . . % % . . . . . . . . . . . . . . . . . .
. % % . . . . % % % > % % % % <*dt-latin.def % % % % % . % % % . . . . . . . .
. . . . . . . . . . . . . % % % . . . . . . . % % % > % % % %
<*dt-lsorbian.def % % % % % . % % % . . . . . . . . . . . . . . . . . . . . .
% % % . . . . . . . . . . . . . . . . . . . . . % % % . % % % . . . . % % % .
. . . % % % . % % % > % % % % <*dt-magyar.def % % % % % . % % % . . . . . . .
. . . . . . . . . . . . . . % % % . . . . % % % > % % % % <*dt-naustrian.def %
% % % % . % % % . . . . . . . . . . . . . . . . . . . . . % % % . . . . % % %
> % % % % <*dt-ngerman.def % % % % % . % % % . . . . . . . . . . . . . . . . .
. . . . % % % . . . . . . . . . . % % . . . . . . . . . . % % % . . . . % % %
> % % % % <*dt-norsk.def % % % % % . % % % . . . . . . . . . . . . . . . . . .
. . . % % % . . . . % % % > % % % % <*dt-polish.def % % % % % . % % % % . . .
. . . . . . . . . . . . . . . . . . % % % % . . . . % % % % . . . . . . . . .
. % % % % . . . . . . . . . . % % % % > % % % % <*dt-portuges.def % % % % % .
% % % . . . . . . . . . . % % % . . . . . . . . . . . . . . . . . . . . . % %
% . . . . . % % % > % % % % <*dt-romanian.def % % % % % . % % % . . . . . . .
. . . . . . . . . . . . . . % % % . . . . % % % . . . . . . . . . . % % % . .
. . . . . . . . % % % > % % % % <*dt-russian.def % % % % % . % % % . . . . . .
. . . . . . . . . . . . . . . % % % . . . . % % % > % % % % <*dt-samin.def % %
% % % . % % % . . . . . . . . . . . . . . . . . . . . . % % % . . . . . % % %
> % % % % <*dt-scottish.def % % % % % . % % % . . . . . . . . . . . . . . . .
. . . . . % % % . . . . % % % > % % % % <*dt-serbian.def % % % % % . % % % . .
. . . . . . . . . . . . . . . . . . . % % % . . . . % % % > % % % %
<*dt-slovak.def % % % % % . % % % . . . . . . . . . . . . . . . . . . . . % %
% . . . . % % % > % % % % <*dt-slovene.def % % % % % . % % % . . . . . . . . .
. . . . . . . . . . . % % % . . . . % % % > % % % % <*dt-spanish.def % % % % %
. % % % . . . . . . . . . . % % % . . . . . . . . . . % % % . . . . . . . . .
. . . . . . . . . . . % % % . . . . % % % > % % % % <*dt-swedish.def % % % % %
. % % % . . . . . . . . . . . . . . . . . . . . % % % % . . . . % % % % . . .
. . % % % % . . . . . % % % > % % % % <*dt-turkish.def % % % % % . % % % . . .
. . . . . . . . . . . . . . . . . % % % . . . . % % % > % % % %
<*dt-UKenglish.def % % % % % . % % % . % % % % . % % % % . % % % % . % % % % .
% % % % . % % % % > % % % % <*dt-ukraineb.def % % % % % . % % % . . . . . . .
. . . . . . . . . . . . . % % % . . . . % % % > % % % % <*dt-USenglish.def % %
% % % . % % % . % % % % . % % % % . % % % % . % % % % . % % % % . % % % % > %
% % % <*dt-usorbian.def % % % % % . % % % . . . . . . . . . . . . . . . . . .
. . % % % . . . . . . . . . . . . . . . . . . . % % % . % % % . . . . % % % .
. . . % % % . % % % > % % % % <*dt-welsh.def % % % % % . % % % % . . % % % % .
. . . . . . . . . . . . . . . . . . . % % % . . . . . . % % % % > % % % %
<*dt-lang.tex % % % . . . . . % . . . . . . . . . . . . . . . . % % % > % % %
% <*dt-sampl.tex % % % . . . . . / . . . . . . . . . . . . . . . . . . . . . .
. . . . . . . . . . . . . . . . . . . . . . . . . . . . . . . . . . . . . . .
. . . . . . . . . . . . . . . . . . . . . . . . . . . . . . . . . . . . . . .
. . . . . . . . . . . . . . . . . . . . . . . . % % % > % % % %
<*datetime.perl % % % % . . . . . . . . . . . . . . . . . . . . . . . . . . .
. . . . . . . . . . . . . . . . . . . . . . . . . . . . . . . . . . . . . . .
. . . . . . . . . . . . . . . . . . . . . . . . . . . . . . . . . . . . . . .
. . . . . . . . . . . . . . . . . . . . . . . . . . . . . . . . . . . . . . .
. . . . . . . . . . . . . . . . . . . . . . . . . . . . . . . . . . . . . . .
. . . . . . . . . . . . . . . . . . . . . . . . . . . . . . . . . . . . . . .
. . . . . . . . . . . . . . . . . . . . . . . . . . . . . . . . . . . . . . .
. . . . . . . . . . . . . . . . . . . . . . . . . . . . . . . . . . . . . . .
. . . . . . . . . . . . . . . . . . . . . . . . . . . . . . . . . . . . . . .
. . . . . . . . . . . . . . . . . . . . . . . . . . . . . . . . . . . . . . .
. . . . . . . . . . . . . . . . . . . . . . . . . . . . . . . . . . . . . . .
. . . . . . . . . . . . . . . . . . . . . . . . . . . . . . . . . . . . . . .
. . . . . . . . . . . . . . . . . . . . . . . . . . . . . . . . . . . . . . .
. . . . . . . . . . . . . . . . . . . . . . . . . . . . . . . . . . . . . . .
. . . . . . . . . . . . . . . . . . . . . . . . . . . . . . . . . . . . . . .
. . . . . . . . . . . . . . . . . . . . . . . . . . . . . . . . . . . . . . .
. . . . . . . . . . . . . . . . . . . . . . . . . . . . . . . . . . . . . . .
. . . . . . . . . . . . . . . . . . . . . . . . . . . . . . . . . . . . . . .
. . . . . . . . . . . . . . . . . . . . . . . . . . . . . . . . . . . . . . .
. . . . . . . . . . . . . . . . . . . . . . . . . . . . . . . . . . . . . . .
. . . . . . . . . . . . . . . . . . . . . . . . . . . . . . . . . . . . . . .
. . . . . . . . . . . . . . . . . . . . . . . . . . . . . . . . . . . . . . .
. . . . . . . . . . . . . . . . . . . . . . . . . . . . . . . . . . . . . . .
. . . . . . . . . . . . . . . . . . . . . . . . . . . . . . . . . . . . . . .
. . . . . . . . . . . . . . . . . . . . . . . . . . . . . . . . . . . . . . .
. . . . . . . . . . . . . . . . . . . . . . . . . . . . . . . . . . . . . . .
. . . . . . . . . . . . . . . . . . . . . . . . . . . . . . . . . . . . . . .
. . . . . . . . . . . . . . . . . . . . . . . . . . . . . . . . . . . . . . .
. . . . . . . . . . . . . . . . . . . . . . . . . . . . . . . . . . . . . . .
. . . . . . . . . . . . . . . . . . . . . . . . . . . . . . . . . . . . . . .
. . . . . . . . . . . . . . . . . . . . . . . . . . . . . . . . . . . . . . .
. . . . . . . . . . . . . . . . . . . . . . . . . . . . . . . . . . . . . . .
. . . . . . . . . . . . . . . . . . . . . . . . . . . . . . . . . . . . . . .
. . . . . . . . . . . . . . . . . . . . . . . . . . . . . . . . . . . . . . .
. . . . . . . . . . . . . . . . . . . . . . . . . . . . . . . . . . . . . . .
. . . . . . . . . . . . . . . . . . . . . . . . . . . . . . . . . . . . . . .
. . . . . . . . . . . . . . . . . . . . . . . . . . . . . . . . . . . . . . .
. . . . . . . . . . . . . . . . . . . . . . . . . . . . . . . . . . . . . . .
. . . . . . . . . . . . . . . . . . . . . . . . . . . . . . . . . . . . . . .
. . . . . . . . . . . . . . . . . . . . . . . . . . . . . . . . . . . . . . .
. . . . . . . . . . . . . . . . . . . . . . . . . . . . . . . . . . . . . . .
. . . . . . . . . . . . . . . . . / . . . . . . . . . . . . . . . . . . . . .
. . . . . . . . . . . . . . . . . . . . . . . . . . . . . . . . . . . . . . .
. . . . . . . . . . . . . . . . . . . . . . . . . . . . . . . . . . . . . . .
. . . . . . . . . . . . . . . . . . . . . . . . . . . . . . . . . . . . . . .
. . . . . . . . . . . . . . . . . . . . . . . . . . . . . . . . . . . . . . .
. . . . . . . . . . . . . . . . . . . . . . . . . . . . . . . . . . . . . . .
. . . . . . . . . . . . . . . . . . . . . . . . . . . . . . . . . . . . . . .
. . . . . . . . . . . . . . . . . . . . . . . . . . . . . . . . . . . . . . .
. . . . . . . . . . . . . . . . . . . . . . . . . . . . . . . . . . . . . . .
. . . . . . . . . . . . . . . . . . . . . . . . . . . . . . . . . . . . . . .
. . . . . . . . . . . . . . . . . . . . . . . . . % % % % > % % %
File datetime.dtx ended by \endinput.
Lines  processed: 6924
Comments removed: 2381
Comments  passed: 15
Codelines passed: 4424

\openout0 = `./dt-french.def'.

\openout1 = `./dt-galician.def'.

\openout2 = `./dt-german.def'.

\openout3 = `./dt-greek.def'.

\openout4 = `./dt-hebrew.def'.

\openout5 = `./dt-icelandic.def'.

\openout6 = `./dt-irish.def'.

\openout7 = `./dt-italian.def'.

\openout8 = `./dt-latin.def'.

\openout9 = `./dt-lsorbian.def'.

\openout10 = `./dt-magyar.def'.

\openout11 = `./dt-naustrian.def'.

\openout12 = `./dt-ngerman.def'.

\openout13 = `./dt-norsk.def'.

\openout14 = `./dt-polish.def'.

\openout15 = `./dt-portuges.def'.


Processing file datetime.dtx (dt-french.def,package) -> dt-french.def
                             (dt-galician.def,package) -> dt-galician.def
                             (dt-german.def,package) -> dt-german.def
                             (dt-greek.def,package) -> dt-greek.def
                             (dt-hebrew.def,package) -> dt-hebrew.def
                             (dt-icelandic.def,package) -> dt-icelandic.def
                             (dt-irish.def,package) -> dt-irish.def
                             (dt-italian.def,package) -> dt-italian.def
                             (dt-latin.def,package) -> dt-latin.def
                             (dt-lsorbian.def,package) -> dt-lsorbian.def
                             (dt-magyar.def,package) -> dt-magyar.def
                             (dt-naustrian.def,package) -> dt-naustrian.def
                             (dt-ngerman.def,package) -> dt-ngerman.def
                             (dt-norsk.def,package) -> dt-norsk.def
                             (dt-polish.def,package) -> dt-polish.def
                             (dt-portuges.def,package) -> dt-portuges.def
% % % % % % % % % % % % % % % % % <*package > % % % % % % <*driver . . . . . .
. . . . / / . . . > % % % % % % % % % % % % % % % % % % % % % % % % % % % % %
% % % % % % % % % % % % % % % % % % % % % % % % % % % % % % % % % % % % % % %
% % % % % % % % % % % % % % % % % % % % % % % % % % % % % % % % % % % % % % %
% % % % % % % % % % % % % % % % % % % % % % % % % % % % % % % % % % % % % % %
% % % % % % % % % % % % % % % % % % % % % % % % % % % % % % % % % % % % % % %
% % % % % % % % % % % % % % % % % % % % % % % % % % % % % % % % % % % % % % %
% % % % % % % % % % % % % % % % % % % % % % % % % % % % % % % % % % % % % % %
% % % % % % % % % % % % % % % % % % % % % % % % % % % % % % % % % % % % % % %
% % % % % % % % % % % % % % % % % % % % % % % % % % % % % % % % % % % % % % %
% % % % % % % % % % % % % % % % % % % % % % % % % % % % % % % % % % % % % % %
% % % % % % % % % % % % % % % % % % % % % % % % % % % % % % % % % % % % % % %
% % % % % % % % % % % % % % % % % % % % % % % % % % % % % % % % % % % % % % %
% % % % % % % % % % % % % % % % % % % % % % % % % % % % % % % % % % % % % % %
% % % % % % % % % % % % % % % % % % % % % % % % % % % % % % % % % % % % % % %
% % % % % % % % % % % % % % % % % % % % % % % % % % % % % % % % % % % % % % %
% % % % % % % % % % % % % % % % % % % % % % % % % % % % % % % % % % % % % % %
% % % % % % % % % % % % % % % % % % % % % % % % % % % % % % % % % % % % % % %
% % % % % % % % % % % % % % % % % % % % % % % % % % % % % % % % % % % % % % %
% <*datetime.sty % % % % % . . % % % % . % % % . % % % % % % % % % . . % % % %
% % % . % % % % % % % % % % % % . . . . . % % % % % % % % % . % % % % % % % .
. . . . . . % % % % % % % . % % % % % % % % . % % % % . . . % % % % % . . . .
. % % % % % . . . . . % % % % % % % % . % % % % % % % . . . . . % % % % % % .
. . . . % % % % % . . . . % % % % % . . . . . . % % % % % % . . . . . % % % %
% . . . . . . . % % % % % . . . . % % % % % % . . . . . % % % % % . . . . % %
% % % . . . . . . % % % % % % . . . . . % % % % % % % . . . . . . % % % % % .
. . . % % % % % . . . . % % % % % . . . . % % % % % . . . . . . % % % % . . %
% % % % % % % % % % % % % % % % % . . . % % % . . . % % % % % . . . . . . . %
% % % % % % % . . . % % % % % % % . . . % % % % % % . % % % % % % % . . . . .
. . . % % % % % % . . . . . . % % % . . . . . . % % % % % . % % % % % % . % %
% % . % % % . . . . . . . . . . . . . . . . % % % % % % . . . . . . . . . . .
. . . . . . . . . . . . . . % % % % % . . % % % % % . . . % % % % % % % . . .
. . % % % % % % % . . % % % % % . . . % % % . % % % % . % % % % . . . . . . .
. . . . . % % % . % % % . % % % . % % % % % . % % % % . % % % % . . % % % % .
% % % % . % % % % . . % % % % . % % % % . % % % % . % % % % . % % % % . % % %
% . % % % % % % % . . . . % % % % % . . . . . . . . . . . . . . . . . . . . .
. . . . . . . . . . . . . . . . . . . . . . . . . . . . . . . . . . . . . . .
. . . . . . . . . . . . . . . . . . . . . . . . . . . . . . . . . . . . . . .
. . . . . . . . . . . . . . . . . . . . . . . . . . . . . . . . . . . . . . .
. . . % % % % . % % % % . . . . . . . . . . . . . . . . . . . . . . . . . . .
. % % % % % % . % % % . . . . . . . . . % % % . . % % % % % . . . . . . . . .
. . . . . . . . . . . . . . . . . . . . . . . . . . . . . . . . . . . . . % %
% . % % % . . . . % % % % . . % % % . % % % % . % % % % . . . % % % . . . . .
. . . . . . . . . . . . . . . % % % % % % . . . . . . . . . % % % % . % % % %
. % % % % . . . % % % % % . . . . . . . . . . . . . . . . . . . . . % % % % %
% . . . . . . . . . . % % % % . % % % % % % % . % % % % . % % % % . . . . % %
% % % % . . . . . . . . . . . . . . . . . . . . . % % % % . % % % % % % . . .
. . . . . . . . . . . . . . . . . . . . . . . % % % % % . % % % % % % % . . .
. . . . . . . . . . . % % % % % . . . . . . . . . . % % % % % % % . . . . . .
. . . . . . % % % % % . . . . % % % % % . . % % % % % . . . . . . . . . . % %
% % % . . . . . . . . . . . . . % % % % % . . % % % % . % % % % % % % . . . .
% % % % % % % . . . . . . . . . . . . . . . . . . . . . . . . . . . . . . . .
. . . . . . . . . . . . . . . . . . % % % % % % % % % % % . . % % % . . . . .
. . % % % . . . . . . . % % % . . . . . . . . . % % % . . . . . . . . . % % %
. . . % % % % > % % % % <*dt-american.def % % % % % % . % % % . % % % % . % %
% % . % % % % . % % % % . % % % % . % % % % > % % % % <*dt-austrian.def % % %
% % . % % % % . . . . . . . . . . . . . . . . . . . . . % % % % % . . . . % %
% % > % % % % <*dt-bahasa.def % % % % % . % % % . . . . . . . . . . . . . . .
. . . . . . % % % % . . . . . . . . . . . . . . . . . . . . . % % % . . . . %
% % > % % % % <*dt-basque.def % % % % % . % % % . . . . . . . . . . . . . . .
. . . . . % % % % . . . . . . . . . . . . . . . . . . . . . % % % . . . . % %
% > % % % % <*dt-breton.def % % % % % . % % % % . . % % % % . . . . . . . . .
. . . . . . . . . . . . % % % % . . . . . . . . . . . . . . . . . . . . . % %
% . . . . . . . % % % > % % % % <*dt-british.def % % % % % . % % % . % % % % .
% % % % . % % % % . % % % % . % % % % . % % % % > % % % % <*dt-bulgarian.def %
% % % % . % % % . . . . . . . . . . . . . . . . . . . . . % % % % . . . . . .
. . . . . . . . . . . . . . . % % % . . . . % % % > % % % % <*dt-catalan.def %
% % % % . % % % . . . . . . . . . . . . . . . . . . . . . % % % % . . . . . .
. . . . . . . . . . . . . . . % % % . . . . . % % % > % % % %
<*dt-croatian.def % % % % % . % % % . . . . . . . . . . . . . . . . . . . . .
% % % % . . . . . . . . . . . . . . . . . . . . . % % % . . . . % % % > % % %
% <*dt-czech.def % % % % % . % % % . . . . . . . . . . . . . . . . . . . . . %
% % % . . . . . . . . . . . . . . . . . . . . . % % % . . . . % % % > % % % %
<*dt-danish.def % % % % % . % % % . . . . . . . . . . . . . . . . . . . . . %
% % . . . . % % % > % % % % <*dt-dutch.def % % % % % . % % % . . . . . . . . .
. . . . . . . . . . . . % % % . . . . % % % > % % % % <*dt-esperanto.def % % %
% % . % % % . . . . . . . . . . . . . . . . . . . . . % % % . . . . . % % % >
% % % % <*dt-estonian.def % % % % % . % % % . . . . . . . . . . . . . . . . .
. . . . % % % . . . . . % % % > % % % % <*dt-finnish.def % % % % % . % % % . .
. . . . . . . . . . . . . . . . . . . % % % . . . . % % % > % % % %
<*dt-french.def % % % % % . % % % % . . % % % % % % % . % % % % . . . . . . .
. . . % % % . . . . . . . . . . % % % . . . . . . . . . . . . . . . . . . . .
. % % % . . . . . % % % > % % % % <*dt-galician.def % % % % % . % % % . . . .
. . . . . . . . . . . . . . . . . % % % . . . . . % % % > % % % %
<*dt-german.def % % % % % . % % % . . . . . . . . . . . . . . . . . . . . . %
% % . . . . . . . . . . % % . . . . . . . . . . % % % . . . . % % % > % % % %
<*dt-greek.def % % % % % . % % % . . . . . . . . . . . . . . . . . . . . . % %
% . . . . % % % > % % % % <*dt-hebrew.def % % % % % . % % % % . % % % % . . .
. % % % > % % % % <*dt-icelandic.def % % % % % . % % % . . . . . . . . . . . .
. . . . . . . . . % % % . . . . % % % > % % % % <*dt-irish.def % % % % % . % %
% . . . . . . . . . . . . . . . . . . . . . % % % . . . . % % % > % % % %
<*dt-italian.def % % % % . % % % . . . . . . . . . . % % . . . . . . . . . . %
% . . . . . . . . . . . . . . . . . . % % . . . . . . . . . . . . . . . . . .
. % % . . . . % % % > % % % % <*dt-latin.def % % % % % . % % % . . . . . . . .
. . . . . . . . . . . . . % % % . . . . . . . % % % > % % % %
<*dt-lsorbian.def % % % % % . % % % . . . . . . . . . . . . . . . . . . . . .
% % % . . . . . . . . . . . . . . . . . . . . . % % % . % % % . . . . % % % .
. . . % % % . % % % > % % % % <*dt-magyar.def % % % % % . % % % . . . . . . .
. . . . . . . . . . . . . . % % % . . . . % % % > % % % % <*dt-naustrian.def %
% % % % . % % % . . . . . . . . . . . . . . . . . . . . . % % % . . . . % % %
> % % % % <*dt-ngerman.def % % % % % . % % % . . . . . . . . . . . . . . . . .
. . . . % % % . . . . . . . . . . % % . . . . . . . . . . % % % . . . . % % %
> % % % % <*dt-norsk.def % % % % % . % % % . . . . . . . . . . . . . . . . . .
. . . % % % . . . . % % % > % % % % <*dt-polish.def % % % % % . % % % % . . .
. . . . . . . . . . . . . . . . . . % % % % . . . . % % % % . . . . . . . . .
. % % % % . . . . . . . . . . % % % % > % % % % <*dt-portuges.def % % % % % .
% % % . . . . . . . . . . % % % . . . . . . . . . . . . . . . . . . . . . % %
% . . . . . % % % > % % % % <*dt-romanian.def % % % % % . % % % . . . . . . .
. . . . . . . . . . . . . . % % % . . . . % % % . . . . . . . . . . % % % . .
. . . . . . . . % % % > % % % % <*dt-russian.def % % % % % . % % % . . . . . .
. . . . . . . . . . . . . . . % % % . . . . % % % > % % % % <*dt-samin.def % %
% % % . % % % . . . . . . . . . . . . . . . . . . . . . % % % . . . . . % % %
> % % % % <*dt-scottish.def % % % % % . % % % . . . . . . . . . . . . . . . .
. . . . . % % % . . . . % % % > % % % % <*dt-serbian.def % % % % % . % % % . .
. . . . . . . . . . . . . . . . . . . % % % . . . . % % % > % % % %
<*dt-slovak.def % % % % % . % % % . . . . . . . . . . . . . . . . . . . . % %
% . . . . % % % > % % % % <*dt-slovene.def % % % % % . % % % . . . . . . . . .
. . . . . . . . . . . % % % . . . . % % % > % % % % <*dt-spanish.def % % % % %
. % % % . . . . . . . . . . % % % . . . . . . . . . . % % % . . . . . . . . .
. . . . . . . . . . . % % % . . . . % % % > % % % % <*dt-swedish.def % % % % %
. % % % . . . . . . . . . . . . . . . . . . . . % % % % . . . . % % % % . . .
. . % % % % . . . . . % % % > % % % % <*dt-turkish.def % % % % % . % % % . . .
. . . . . . . . . . . . . . . . . % % % . . . . % % % > % % % %
<*dt-UKenglish.def % % % % % . % % % . % % % % . % % % % . % % % % . % % % % .
% % % % . % % % % > % % % % <*dt-ukraineb.def % % % % % . % % % . . . . . . .
. . . . . . . . . . . . . % % % . . . . % % % > % % % % <*dt-USenglish.def % %
% % % . % % % . % % % % . % % % % . % % % % . % % % % . % % % % . % % % % > %
% % % <*dt-usorbian.def % % % % % . % % % . . . . . . . . . . . . . . . . . .
. . % % % . . . . . . . . . . . . . . . . . . . % % % . % % % . . . . % % % .
. . . % % % . % % % > % % % % <*dt-welsh.def % % % % % . % % % % . . % % % % .
. . . . . . . . . . . . . . . . . . . % % % . . . . . . % % % % > % % % %
<*dt-lang.tex % % % . . . . . % . . . . . . . . . . . . . . . . % % % > % % %
% <*dt-sampl.tex % % % . . . . . / . . . . . . . . . . . . . . . . . . . . . .
. . . . . . . . . . . . . . . . . . . . . . . . . . . . . . . . . . . . . . .
. . . . . . . . . . . . . . . . . . . . . . . . . . . . . . . . . . . . . . .
. . . . . . . . . . . . . . . . . . . . . . . . % % % > % % % %
<*datetime.perl % % % % . . . . . . . . . . . . . . . . . . . . . . . . . . .
. . . . . . . . . . . . . . . . . . . . . . . . . . . . . . . . . . . . . . .
. . . . . . . . . . . . . . . . . . . . . . . . . . . . . . . . . . . . . . .
. . . . . . . . . . . . . . . . . . . . . . . . . . . . . . . . . . . . . . .
. . . . . . . . . . . . . . . . . . . . . . . . . . . . . . . . . . . . . . .
. . . . . . . . . . . . . . . . . . . . . . . . . . . . . . . . . . . . . . .
. . . . . . . . . . . . . . . . . . . . . . . . . . . . . . . . . . . . . . .
. . . . . . . . . . . . . . . . . . . . . . . . . . . . . . . . . . . . . . .
. . . . . . . . . . . . . . . . . . . . . . . . . . . . . . . . . . . . . . .
. . . . . . . . . . . . . . . . . . . . . . . . . . . . . . . . . . . . . . .
. . . . . . . . . . . . . . . . . . . . . . . . . . . . . . . . . . . . . . .
. . . . . . . . . . . . . . . . . . . . . . . . . . . . . . . . . . . . . . .
. . . . . . . . . . . . . . . . . . . . . . . . . . . . . . . . . . . . . . .
. . . . . . . . . . . . . . . . . . . . . . . . . . . . . . . . . . . . . . .
. . . . . . . . . . . . . . . . . . . . . . . . . . . . . . . . . . . . . . .
. . . . . . . . . . . . . . . . . . . . . . . . . . . . . . . . . . . . . . .
. . . . . . . . . . . . . . . . . . . . . . . . . . . . . . . . . . . . . . .
. . . . . . . . . . . . . . . . . . . . . . . . . . . . . . . . . . . . . . .
. . . . . . . . . . . . . . . . . . . . . . . . . . . . . . . . . . . . . . .
. . . . . . . . . . . . . . . . . . . . . . . . . . . . . . . . . . . . . . .
. . . . . . . . . . . . . . . . . . . . . . . . . . . . . . . . . . . . . . .
. . . . . . . . . . . . . . . . . . . . . . . . . . . . . . . . . . . . . . .
. . . . . . . . . . . . . . . . . . . . . . . . . . . . . . . . . . . . . . .
. . . . . . . . . . . . . . . . . . . . . . . . . . . . . . . . . . . . . . .
. . . . . . . . . . . . . . . . . . . . . . . . . . . . . . . . . . . . . . .
. . . . . . . . . . . . . . . . . . . . . . . . . . . . . . . . . . . . . . .
. . . . . . . . . . . . . . . . . . . . . . . . . . . . . . . . . . . . . . .
. . . . . . . . . . . . . . . . . . . . . . . . . . . . . . . . . . . . . . .
. . . . . . . . . . . . . . . . . . . . . . . . . . . . . . . . . . . . . . .
. . . . . . . . . . . . . . . . . . . . . . . . . . . . . . . . . . . . . . .
. . . . . . . . . . . . . . . . . . . . . . . . . . . . . . . . . . . . . . .
. . . . . . . . . . . . . . . . . . . . . . . . . . . . . . . . . . . . . . .
. . . . . . . . . . . . . . . . . . . . . . . . . . . . . . . . . . . . . . .
. . . . . . . . . . . . . . . . . . . . . . . . . . . . . . . . . . . . . . .
. . . . . . . . . . . . . . . . . . . . . . . . . . . . . . . . . . . . . . .
. . . . . . . . . . . . . . . . . . . . . . . . . . . . . . . . . . . . . . .
. . . . . . . . . . . . . . . . . . . . . . . . . . . . . . . . . . . . . . .
. . . . . . . . . . . . . . . . . . . . . . . . . . . . . . . . . . . . . . .
. . . . . . . . . . . . . . . . . . . . . . . . . . . . . . . . . . . . . . .
. . . . . . . . . . . . . . . . . . . . . . . . . . . . . . . . . . . . . . .
. . . . . . . . . . . . . . . . . . . . . . . . . . . . . . . . . . . . . . .
. . . . . . . . . . . . . . . . . / . . . . . . . . . . . . . . . . . . . . .
. . . . . . . . . . . . . . . . . . . . . . . . . . . . . . . . . . . . . . .
. . . . . . . . . . . . . . . . . . . . . . . . . . . . . . . . . . . . . . .
. . . . . . . . . . . . . . . . . . . . . . . . . . . . . . . . . . . . . . .
. . . . . . . . . . . . . . . . . . . . . . . . . . . . . . . . . . . . . . .
. . . . . . . . . . . . . . . . . . . . . . . . . . . . . . . . . . . . . . .
. . . . . . . . . . . . . . . . . . . . . . . . . . . . . . . . . . . . . . .
. . . . . . . . . . . . . . . . . . . . . . . . . . . . . . . . . . . . . . .
. . . . . . . . . . . . . . . . . . . . . . . . . . . . . . . . . . . . . . .
. . . . . . . . . . . . . . . . . . . . . . . . . . . . . . . . . . . . . . .
. . . . . . . . . . . . . . . . . . . . . . . . . % % % % > % % %
File datetime.dtx ended by \endinput.
Lines  processed: 6924
Comments removed: 2381
Comments  passed: 15
Codelines passed: 4424

\openout0 = `./dt-romanian.def'.

\openout1 = `./dt-russian.def'.

\openout2 = `./dt-samin.def'.

\openout3 = `./dt-scottish.def'.

\openout4 = `./dt-serbian.def'.

\openout5 = `./dt-slovak.def'.

\openout6 = `./dt-slovene.def'.

\openout7 = `./dt-spanish.def'.

\openout8 = `./dt-swedish.def'.

\openout9 = `./dt-turkish.def'.

\openout10 = `./dt-UKenglish.def'.

\openout11 = `./dt-ukraineb.def'.

\openout12 = `./dt-USenglish.def'.

\openout13 = `./dt-usorbian.def'.

\openout14 = `./dt-welsh.def'.

\openout15 = `./dt-lang.tex'.


Processing file datetime.dtx (dt-romanian.def,package) -> dt-romanian.def
                             (dt-russian.def,package) -> dt-russian.def
                             (dt-samin.def,package) -> dt-samin.def
                             (dt-scottish.def,package) -> dt-scottish.def
                             (dt-serbian.def,package) -> dt-serbian.def
                             (dt-slovak.def,package) -> dt-slovak.def
                             (dt-slovene.def,package) -> dt-slovene.def
                             (dt-spanish.def,package) -> dt-spanish.def
                             (dt-swedish.def,package) -> dt-swedish.def
                             (dt-turkish.def,package) -> dt-turkish.def
                             (dt-UKenglish.def,package) -> dt-UKenglish.def
                             (dt-ukraineb.def,package) -> dt-ukraineb.def
                             (dt-USenglish.def,package) -> dt-USenglish.def
                             (dt-usorbian.def,package) -> dt-usorbian.def
                             (dt-welsh.def,package) -> dt-welsh.def
                             (dt-lang.tex,package) -> dt-lang.tex
% % % % % % % % % % % % % % % % % <*package > % % % % % % <*driver . . . . . .
. . . . / / . . . > % % % % % % % % % % % % % % % % % % % % % % % % % % % % %
% % % % % % % % % % % % % % % % % % % % % % % % % % % % % % % % % % % % % % %
% % % % % % % % % % % % % % % % % % % % % % % % % % % % % % % % % % % % % % %
% % % % % % % % % % % % % % % % % % % % % % % % % % % % % % % % % % % % % % %
% % % % % % % % % % % % % % % % % % % % % % % % % % % % % % % % % % % % % % %
% % % % % % % % % % % % % % % % % % % % % % % % % % % % % % % % % % % % % % %
% % % % % % % % % % % % % % % % % % % % % % % % % % % % % % % % % % % % % % %
% % % % % % % % % % % % % % % % % % % % % % % % % % % % % % % % % % % % % % %
% % % % % % % % % % % % % % % % % % % % % % % % % % % % % % % % % % % % % % %
% % % % % % % % % % % % % % % % % % % % % % % % % % % % % % % % % % % % % % %
% % % % % % % % % % % % % % % % % % % % % % % % % % % % % % % % % % % % % % %
% % % % % % % % % % % % % % % % % % % % % % % % % % % % % % % % % % % % % % %
% % % % % % % % % % % % % % % % % % % % % % % % % % % % % % % % % % % % % % %
% % % % % % % % % % % % % % % % % % % % % % % % % % % % % % % % % % % % % % %
% % % % % % % % % % % % % % % % % % % % % % % % % % % % % % % % % % % % % % %
% % % % % % % % % % % % % % % % % % % % % % % % % % % % % % % % % % % % % % %
% % % % % % % % % % % % % % % % % % % % % % % % % % % % % % % % % % % % % % %
% % % % % % % % % % % % % % % % % % % % % % % % % % % % % % % % % % % % % % %
% <*datetime.sty % % % % % . . % % % % . % % % . % % % % % % % % % . . % % % %
% % % . % % % % % % % % % % % % . . . . . % % % % % % % % % . % % % % % % % .
. . . . . . % % % % % % % . % % % % % % % % . % % % % . . . % % % % % . . . .
. % % % % % . . . . . % % % % % % % % . % % % % % % % . . . . . % % % % % % .
. . . . % % % % % . . . . % % % % % . . . . . . % % % % % % . . . . . % % % %
% . . . . . . . % % % % % . . . . % % % % % % . . . . . % % % % % . . . . % %
% % % . . . . . . % % % % % % . . . . . % % % % % % % . . . . . . % % % % % .
. . . % % % % % . . . . % % % % % . . . . % % % % % . . . . . . % % % % . . %
% % % % % % % % % % % % % % % % % . . . % % % . . . % % % % % . . . . . . . %
% % % % % % % . . . % % % % % % % . . . % % % % % % . % % % % % % % . . . . .
. . . % % % % % % . . . . . . % % % . . . . . . % % % % % . % % % % % % . % %
% % . % % % . . . . . . . . . . . . . . . . % % % % % % . . . . . . . . . . .
. . . . . . . . . . . . . . % % % % % . . % % % % % . . . % % % % % % % . . .
. . % % % % % % % . . % % % % % . . . % % % . % % % % . % % % % . . . . . . .
. . . . . % % % . % % % . % % % . % % % % % . % % % % . % % % % . . % % % % .
% % % % . % % % % . . % % % % . % % % % . % % % % . % % % % . % % % % . % % %
% . % % % % % % % . . . . % % % % % . . . . . . . . . . . . . . . . . . . . .
. . . . . . . . . . . . . . . . . . . . . . . . . . . . . . . . . . . . . . .
. . . . . . . . . . . . . . . . . . . . . . . . . . . . . . . . . . . . . . .
. . . . . . . . . . . . . . . . . . . . . . . . . . . . . . . . . . . . . . .
. . . % % % % . % % % % . . . . . . . . . . . . . . . . . . . . . . . . . . .
. % % % % % % . % % % . . . . . . . . . % % % . . % % % % % . . . . . . . . .
. . . . . . . . . . . . . . . . . . . . . . . . . . . . . . . . . . . . . % %
% . % % % . . . . % % % % . . % % % . % % % % . % % % % . . . % % % . . . . .
. . . . . . . . . . . . . . . % % % % % % . . . . . . . . . % % % % . % % % %
. % % % % . . . % % % % % . . . . . . . . . . . . . . . . . . . . . % % % % %
% . . . . . . . . . . % % % % . % % % % % % % . % % % % . % % % % . . . . % %
% % % % . . . . . . . . . . . . . . . . . . . . . % % % % . % % % % % % . . .
. . . . . . . . . . . . . . . . . . . . . . . % % % % % . % % % % % % % . . .
. . . . . . . . . . . % % % % % . . . . . . . . . . % % % % % % % . . . . . .
. . . . . . % % % % % . . . . % % % % % . . % % % % % . . . . . . . . . . % %
% % % . . . . . . . . . . . . . % % % % % . . % % % % . % % % % % % % . . . .
% % % % % % % . . . . . . . . . . . . . . . . . . . . . . . . . . . . . . . .
. . . . . . . . . . . . . . . . . . % % % % % % % % % % % . . % % % . . . . .
. . % % % . . . . . . . % % % . . . . . . . . . % % % . . . . . . . . . % % %
. . . % % % % > % % % % <*dt-american.def % % % % % % . % % % . % % % % . % %
% % . % % % % . % % % % . % % % % . % % % % > % % % % <*dt-austrian.def % % %
% % . % % % % . . . . . . . . . . . . . . . . . . . . . % % % % % . . . . % %
% % > % % % % <*dt-bahasa.def % % % % % . % % % . . . . . . . . . . . . . . .
. . . . . . % % % % . . . . . . . . . . . . . . . . . . . . . % % % . . . . %
% % > % % % % <*dt-basque.def % % % % % . % % % . . . . . . . . . . . . . . .
. . . . . % % % % . . . . . . . . . . . . . . . . . . . . . % % % . . . . % %
% > % % % % <*dt-breton.def % % % % % . % % % % . . % % % % . . . . . . . . .
. . . . . . . . . . . . % % % % . . . . . . . . . . . . . . . . . . . . . % %
% . . . . . . . % % % > % % % % <*dt-british.def % % % % % . % % % . % % % % .
% % % % . % % % % . % % % % . % % % % . % % % % > % % % % <*dt-bulgarian.def %
% % % % . % % % . . . . . . . . . . . . . . . . . . . . . % % % % . . . . . .
. . . . . . . . . . . . . . . % % % . . . . % % % > % % % % <*dt-catalan.def %
% % % % . % % % . . . . . . . . . . . . . . . . . . . . . % % % % . . . . . .
. . . . . . . . . . . . . . . % % % . . . . . % % % > % % % %
<*dt-croatian.def % % % % % . % % % . . . . . . . . . . . . . . . . . . . . .
% % % % . . . . . . . . . . . . . . . . . . . . . % % % . . . . % % % > % % %
% <*dt-czech.def % % % % % . % % % . . . . . . . . . . . . . . . . . . . . . %
% % % . . . . . . . . . . . . . . . . . . . . . % % % . . . . % % % > % % % %
<*dt-danish.def % % % % % . % % % . . . . . . . . . . . . . . . . . . . . . %
% % . . . . % % % > % % % % <*dt-dutch.def % % % % % . % % % . . . . . . . . .
. . . . . . . . . . . . % % % . . . . % % % > % % % % <*dt-esperanto.def % % %
% % . % % % . . . . . . . . . . . . . . . . . . . . . % % % . . . . . % % % >
% % % % <*dt-estonian.def % % % % % . % % % . . . . . . . . . . . . . . . . .
. . . . % % % . . . . . % % % > % % % % <*dt-finnish.def % % % % % . % % % . .
. . . . . . . . . . . . . . . . . . . % % % . . . . % % % > % % % %
<*dt-french.def % % % % % . % % % % . . % % % % % % % . % % % % . . . . . . .
. . . % % % . . . . . . . . . . % % % . . . . . . . . . . . . . . . . . . . .
. % % % . . . . . % % % > % % % % <*dt-galician.def % % % % % . % % % . . . .
. . . . . . . . . . . . . . . . . % % % . . . . . % % % > % % % %
<*dt-german.def % % % % % . % % % . . . . . . . . . . . . . . . . . . . . . %
% % . . . . . . . . . . % % . . . . . . . . . . % % % . . . . % % % > % % % %
<*dt-greek.def % % % % % . % % % . . . . . . . . . . . . . . . . . . . . . % %
% . . . . % % % > % % % % <*dt-hebrew.def % % % % % . % % % % . % % % % . . .
. % % % > % % % % <*dt-icelandic.def % % % % % . % % % . . . . . . . . . . . .
. . . . . . . . . % % % . . . . % % % > % % % % <*dt-irish.def % % % % % . % %
% . . . . . . . . . . . . . . . . . . . . . % % % . . . . % % % > % % % %
<*dt-italian.def % % % % . % % % . . . . . . . . . . % % . . . . . . . . . . %
% . . . . . . . . . . . . . . . . . . % % . . . . . . . . . . . . . . . . . .
. % % . . . . % % % > % % % % <*dt-latin.def % % % % % . % % % . . . . . . . .
. . . . . . . . . . . . . % % % . . . . . . . % % % > % % % %
<*dt-lsorbian.def % % % % % . % % % . . . . . . . . . . . . . . . . . . . . .
% % % . . . . . . . . . . . . . . . . . . . . . % % % . % % % . . . . % % % .
. . . % % % . % % % > % % % % <*dt-magyar.def % % % % % . % % % . . . . . . .
. . . . . . . . . . . . . . % % % . . . . % % % > % % % % <*dt-naustrian.def %
% % % % . % % % . . . . . . . . . . . . . . . . . . . . . % % % . . . . % % %
> % % % % <*dt-ngerman.def % % % % % . % % % . . . . . . . . . . . . . . . . .
. . . . % % % . . . . . . . . . . % % . . . . . . . . . . % % % . . . . % % %
> % % % % <*dt-norsk.def % % % % % . % % % . . . . . . . . . . . . . . . . . .
. . . % % % . . . . % % % > % % % % <*dt-polish.def % % % % % . % % % % . . .
. . . . . . . . . . . . . . . . . . % % % % . . . . % % % % . . . . . . . . .
. % % % % . . . . . . . . . . % % % % > % % % % <*dt-portuges.def % % % % % .
% % % . . . . . . . . . . % % % . . . . . . . . . . . . . . . . . . . . . % %
% . . . . . % % % > % % % % <*dt-romanian.def % % % % % . % % % . . . . . . .
. . . . . . . . . . . . . . % % % . . . . % % % . . . . . . . . . . % % % . .
. . . . . . . . % % % > % % % % <*dt-russian.def % % % % % . % % % . . . . . .
. . . . . . . . . . . . . . . % % % . . . . % % % > % % % % <*dt-samin.def % %
% % % . % % % . . . . . . . . . . . . . . . . . . . . . % % % . . . . . % % %
> % % % % <*dt-scottish.def % % % % % . % % % . . . . . . . . . . . . . . . .
. . . . . % % % . . . . % % % > % % % % <*dt-serbian.def % % % % % . % % % . .
. . . . . . . . . . . . . . . . . . . % % % . . . . % % % > % % % %
<*dt-slovak.def % % % % % . % % % . . . . . . . . . . . . . . . . . . . . % %
% . . . . % % % > % % % % <*dt-slovene.def % % % % % . % % % . . . . . . . . .
. . . . . . . . . . . % % % . . . . % % % > % % % % <*dt-spanish.def % % % % %
. % % % . . . . . . . . . . % % % . . . . . . . . . . % % % . . . . . . . . .
. . . . . . . . . . . % % % . . . . % % % > % % % % <*dt-swedish.def % % % % %
. % % % . . . . . . . . . . . . . . . . . . . . % % % % . . . . % % % % . . .
. . % % % % . . . . . % % % > % % % % <*dt-turkish.def % % % % % . % % % . . .
. . . . . . . . . . . . . . . . . % % % . . . . % % % > % % % %
<*dt-UKenglish.def % % % % % . % % % . % % % % . % % % % . % % % % . % % % % .
% % % % . % % % % > % % % % <*dt-ukraineb.def % % % % % . % % % . . . . . . .
. . . . . . . . . . . . . % % % . . . . % % % > % % % % <*dt-USenglish.def % %
% % % . % % % . % % % % . % % % % . % % % % . % % % % . % % % % . % % % % > %
% % % <*dt-usorbian.def % % % % % . % % % . . . . . . . . . . . . . . . . . .
. . % % % . . . . . . . . . . . . . . . . . . . % % % . % % % . . . . % % % .
. . . % % % . % % % > % % % % <*dt-welsh.def % % % % % . % % % % . . % % % % .
. . . . . . . . . . . . . . . . . . . % % % . . . . . . % % % % > % % % %
<*dt-lang.tex % % % . . . . . % . . . . . . . . . . . . . . . . % % % > % % %
% <*dt-sampl.tex % % % . . . . . / . . . . . . . . . . . . . . . . . . . . . .
. . . . . . . . . . . . . . . . . . . . . . . . . . . . . . . . . . . . . . .
. . . . . . . . . . . . . . . . . . . . . . . . . . . . . . . . . . . . . . .
. . . . . . . . . . . . . . . . . . . . . . . . % % % > % % % %
<*datetime.perl % % % % . . . . . . . . . . . . . . . . . . . . . . . . . . .
. . . . . . . . . . . . . . . . . . . . . . . . . . . . . . . . . . . . . . .
. . . . . . . . . . . . . . . . . . . . . . . . . . . . . . . . . . . . . . .
. . . . . . . . . . . . . . . . . . . . . . . . . . . . . . . . . . . . . . .
. . . . . . . . . . . . . . . . . . . . . . . . . . . . . . . . . . . . . . .
. . . . . . . . . . . . . . . . . . . . . . . . . . . . . . . . . . . . . . .
. . . . . . . . . . . . . . . . . . . . . . . . . . . . . . . . . . . . . . .
. . . . . . . . . . . . . . . . . . . . . . . . . . . . . . . . . . . . . . .
. . . . . . . . . . . . . . . . . . . . . . . . . . . . . . . . . . . . . . .
. . . . . . . . . . . . . . . . . . . . . . . . . . . . . . . . . . . . . . .
. . . . . . . . . . . . . . . . . . . . . . . . . . . . . . . . . . . . . . .
. . . . . . . . . . . . . . . . . . . . . . . . . . . . . . . . . . . . . . .
. . . . . . . . . . . . . . . . . . . . . . . . . . . . . . . . . . . . . . .
. . . . . . . . . . . . . . . . . . . . . . . . . . . . . . . . . . . . . . .
. . . . . . . . . . . . . . . . . . . . . . . . . . . . . . . . . . . . . . .
. . . . . . . . . . . . . . . . . . . . . . . . . . . . . . . . . . . . . . .
. . . . . . . . . . . . . . . . . . . . . . . . . . . . . . . . . . . . . . .
. . . . . . . . . . . . . . . . . . . . . . . . . . . . . . . . . . . . . . .
. . . . . . . . . . . . . . . . . . . . . . . . . . . . . . . . . . . . . . .
. . . . . . . . . . . . . . . . . . . . . . . . . . . . . . . . . . . . . . .
. . . . . . . . . . . . . . . . . . . . . . . . . . . . . . . . . . . . . . .
. . . . . . . . . . . . . . . . . . . . . . . . . . . . . . . . . . . . . . .
. . . . . . . . . . . . . . . . . . . . . . . . . . . . . . . . . . . . . . .
. . . . . . . . . . . . . . . . . . . . . . . . . . . . . . . . . . . . . . .
. . . . . . . . . . . . . . . . . . . . . . . . . . . . . . . . . . . . . . .
. . . . . . . . . . . . . . . . . . . . . . . . . . . . . . . . . . . . . . .
. . . . . . . . . . . . . . . . . . . . . . . . . . . . . . . . . . . . . . .
. . . . . . . . . . . . . . . . . . . . . . . . . . . . . . . . . . . . . . .
. . . . . . . . . . . . . . . . . . . . . . . . . . . . . . . . . . . . . . .
. . . . . . . . . . . . . . . . . . . . . . . . . . . . . . . . . . . . . . .
. . . . . . . . . . . . . . . . . . . . . . . . . . . . . . . . . . . . . . .
. . . . . . . . . . . . . . . . . . . . . . . . . . . . . . . . . . . . . . .
. . . . . . . . . . . . . . . . . . . . . . . . . . . . . . . . . . . . . . .
. . . . . . . . . . . . . . . . . . . . . . . . . . . . . . . . . . . . . . .
. . . . . . . . . . . . . . . . . . . . . . . . . . . . . . . . . . . . . . .
. . . . . . . . . . . . . . . . . . . . . . . . . . . . . . . . . . . . . . .
. . . . . . . . . . . . . . . . . . . . . . . . . . . . . . . . . . . . . . .
. . . . . . . . . . . . . . . . . . . . . . . . . . . . . . . . . . . . . . .
. . . . . . . . . . . . . . . . . . . . . . . . . . . . . . . . . . . . . . .
. . . . . . . . . . . . . . . . . . . . . . . . . . . . . . . . . . . . . . .
. . . . . . . . . . . . . . . . . . . . . . . . . . . . . . . . . . . . . . .
. . . . . . . . . . . . . . . . . / . . . . . . . . . . . . . . . . . . . . .
. . . . . . . . . . . . . . . . . . . . . . . . . . . . . . . . . . . . . . .
. . . . . . . . . . . . . . . . . . . . . . . . . . . . . . . . . . . . . . .
. . . . . . . . . . . . . . . . . . . . . . . . . . . . . . . . . . . . . . .
. . . . . . . . . . . . . . . . . . . . . . . . . . . . . . . . . . . . . . .
. . . . . . . . . . . . . . . . . . . . . . . . . . . . . . . . . . . . . . .
. . . . . . . . . . . . . . . . . . . . . . . . . . . . . . . . . . . . . . .
. . . . . . . . . . . . . . . . . . . . . . . . . . . . . . . . . . . . . . .
. . . . . . . . . . . . . . . . . . . . . . . . . . . . . . . . . . . . . . .
. . . . . . . . . . . . . . . . . . . . . . . . . . . . . . . . . . . . . . .
. . . . . . . . . . . . . . . . . . . . . . . . . % % % % > % % %
File datetime.dtx ended by \endinput.
Lines  processed: 6924
Comments removed: 2381
Comments  passed: 15
Codelines passed: 4424

\openout0 = `./dt-sampl.tex'.

\openout1 = `./datetime.perl'.


Processing file datetime.dtx (dt-sampl.tex,package) -> dt-sampl.tex
                             (datetime.perl) -> datetime.perl
% % % % % % % % % % % % % % % % % <*package > % % % % % % <*driver . . . . . .
. . . . / / . . . > % % % % % % % % % % % % % % % % % % % % % % % % % % % % %
% % % % % % % % % % % % % % % % % % % % % % % % % % % % % % % % % % % % % % %
% % % % % % % % % % % % % % % % % % % % % % % % % % % % % % % % % % % % % % %
% % % % % % % % % % % % % % % % % % % % % % % % % % % % % % % % % % % % % % %
% % % % % % % % % % % % % % % % % % % % % % % % % % % % % % % % % % % % % % %
% % % % % % % % % % % % % % % % % % % % % % % % % % % % % % % % % % % % % % %
% % % % % % % % % % % % % % % % % % % % % % % % % % % % % % % % % % % % % % %
% % % % % % % % % % % % % % % % % % % % % % % % % % % % % % % % % % % % % % %
% % % % % % % % % % % % % % % % % % % % % % % % % % % % % % % % % % % % % % %
% % % % % % % % % % % % % % % % % % % % % % % % % % % % % % % % % % % % % % %
% % % % % % % % % % % % % % % % % % % % % % % % % % % % % % % % % % % % % % %
% % % % % % % % % % % % % % % % % % % % % % % % % % % % % % % % % % % % % % %
% % % % % % % % % % % % % % % % % % % % % % % % % % % % % % % % % % % % % % %
% % % % % % % % % % % % % % % % % % % % % % % % % % % % % % % % % % % % % % %
% % % % % % % % % % % % % % % % % % % % % % % % % % % % % % % % % % % % % % %
% % % % % % % % % % % % % % % % % % % % % % % % % % % % % % % % % % % % % % %
% % % % % % % % % % % % % % % % % % % % % % % % % % % % % % % % % % % % % % %
% % % % % % % % % % % % % % % % % % % % % % % % % % % % % % % % % % % % % % %
% <*datetime.sty % % % % % . . % % % % . % % % . % % % % % % % % % . . % % % %
% % % . % % % % % % % % % % % % . . . . . % % % % % % % % % . % % % % % % % .
. . . . . . % % % % % % % . % % % % % % % % . % % % % . . . % % % % % . . . .
. % % % % % . . . . . % % % % % % % % . % % % % % % % . . . . . % % % % % % .
. . . . % % % % % . . . . % % % % % . . . . . . % % % % % % . . . . . % % % %
% . . . . . . . % % % % % . . . . % % % % % % . . . . . % % % % % . . . . % %
% % % . . . . . . % % % % % % . . . . . % % % % % % % . . . . . . % % % % % .
. . . % % % % % . . . . % % % % % . . . . % % % % % . . . . . . % % % % . . %
% % % % % % % % % % % % % % % % % . . . % % % . . . % % % % % . . . . . . . %
% % % % % % % . . . % % % % % % % . . . % % % % % % . % % % % % % % . . . . .
. . . % % % % % % . . . . . . % % % . . . . . . % % % % % . % % % % % % . % %
% % . % % % . . . . . . . . . . . . . . . . % % % % % % . . . . . . . . . . .
. . . . . . . . . . . . . . % % % % % . . % % % % % . . . % % % % % % % . . .
. . % % % % % % % . . % % % % % . . . % % % . % % % % . % % % % . . . . . . .
. . . . . % % % . % % % . % % % . % % % % % . % % % % . % % % % . . % % % % .
% % % % . % % % % . . % % % % . % % % % . % % % % . % % % % . % % % % . % % %
% . % % % % % % % . . . . % % % % % . . . . . . . . . . . . . . . . . . . . .
. . . . . . . . . . . . . . . . . . . . . . . . . . . . . . . . . . . . . . .
. . . . . . . . . . . . . . . . . . . . . . . . . . . . . . . . . . . . . . .
. . . . . . . . . . . . . . . . . . . . . . . . . . . . . . . . . . . . . . .
. . . % % % % . % % % % . . . . . . . . . . . . . . . . . . . . . . . . . . .
. % % % % % % . % % % . . . . . . . . . % % % . . % % % % % . . . . . . . . .
. . . . . . . . . . . . . . . . . . . . . . . . . . . . . . . . . . . . . % %
% . % % % . . . . % % % % . . % % % . % % % % . % % % % . . . % % % . . . . .
. . . . . . . . . . . . . . . % % % % % % . . . . . . . . . % % % % . % % % %
. % % % % . . . % % % % % . . . . . . . . . . . . . . . . . . . . . % % % % %
% . . . . . . . . . . % % % % . % % % % % % % . % % % % . % % % % . . . . % %
% % % % . . . . . . . . . . . . . . . . . . . . . % % % % . % % % % % % . . .
. . . . . . . . . . . . . . . . . . . . . . . % % % % % . % % % % % % % . . .
. . . . . . . . . . . % % % % % . . . . . . . . . . % % % % % % % . . . . . .
. . . . . . % % % % % . . . . % % % % % . . % % % % % . . . . . . . . . . % %
% % % . . . . . . . . . . . . . % % % % % . . % % % % . % % % % % % % . . . .
% % % % % % % . . . . . . . . . . . . . . . . . . . . . . . . . . . . . . . .
. . . . . . . . . . . . . . . . . . % % % % % % % % % % % . . % % % . . . . .
. . % % % . . . . . . . % % % . . . . . . . . . % % % . . . . . . . . . % % %
. . . % % % % > % % % % <*dt-american.def % % % % % % . % % % . % % % % . % %
% % . % % % % . % % % % . % % % % . % % % % > % % % % <*dt-austrian.def % % %
% % . % % % % . . . . . . . . . . . . . . . . . . . . . % % % % % . . . . % %
% % > % % % % <*dt-bahasa.def % % % % % . % % % . . . . . . . . . . . . . . .
. . . . . . % % % % . . . . . . . . . . . . . . . . . . . . . % % % . . . . %
% % > % % % % <*dt-basque.def % % % % % . % % % . . . . . . . . . . . . . . .
. . . . . % % % % . . . . . . . . . . . . . . . . . . . . . % % % . . . . % %
% > % % % % <*dt-breton.def % % % % % . % % % % . . % % % % . . . . . . . . .
. . . . . . . . . . . . % % % % . . . . . . . . . . . . . . . . . . . . . % %
% . . . . . . . % % % > % % % % <*dt-british.def % % % % % . % % % . % % % % .
% % % % . % % % % . % % % % . % % % % . % % % % > % % % % <*dt-bulgarian.def %
% % % % . % % % . . . . . . . . . . . . . . . . . . . . . % % % % . . . . . .
. . . . . . . . . . . . . . . % % % . . . . % % % > % % % % <*dt-catalan.def %
% % % % . % % % . . . . . . . . . . . . . . . . . . . . . % % % % . . . . . .
. . . . . . . . . . . . . . . % % % . . . . . % % % > % % % %
<*dt-croatian.def % % % % % . % % % . . . . . . . . . . . . . . . . . . . . .
% % % % . . . . . . . . . . . . . . . . . . . . . % % % . . . . % % % > % % %
% <*dt-czech.def % % % % % . % % % . . . . . . . . . . . . . . . . . . . . . %
% % % . . . . . . . . . . . . . . . . . . . . . % % % . . . . % % % > % % % %
<*dt-danish.def % % % % % . % % % . . . . . . . . . . . . . . . . . . . . . %
% % . . . . % % % > % % % % <*dt-dutch.def % % % % % . % % % . . . . . . . . .
. . . . . . . . . . . . % % % . . . . % % % > % % % % <*dt-esperanto.def % % %
% % . % % % . . . . . . . . . . . . . . . . . . . . . % % % . . . . . % % % >
% % % % <*dt-estonian.def % % % % % . % % % . . . . . . . . . . . . . . . . .
. . . . % % % . . . . . % % % > % % % % <*dt-finnish.def % % % % % . % % % . .
. . . . . . . . . . . . . . . . . . . % % % . . . . % % % > % % % %
<*dt-french.def % % % % % . % % % % . . % % % % % % % . % % % % . . . . . . .
. . . % % % . . . . . . . . . . % % % . . . . . . . . . . . . . . . . . . . .
. % % % . . . . . % % % > % % % % <*dt-galician.def % % % % % . % % % . . . .
. . . . . . . . . . . . . . . . . % % % . . . . . % % % > % % % %
<*dt-german.def % % % % % . % % % . . . . . . . . . . . . . . . . . . . . . %
% % . . . . . . . . . . % % . . . . . . . . . . % % % . . . . % % % > % % % %
<*dt-greek.def % % % % % . % % % . . . . . . . . . . . . . . . . . . . . . % %
% . . . . % % % > % % % % <*dt-hebrew.def % % % % % . % % % % . % % % % . . .
. % % % > % % % % <*dt-icelandic.def % % % % % . % % % . . . . . . . . . . . .
. . . . . . . . . % % % . . . . % % % > % % % % <*dt-irish.def % % % % % . % %
% . . . . . . . . . . . . . . . . . . . . . % % % . . . . % % % > % % % %
<*dt-italian.def % % % % . % % % . . . . . . . . . . % % . . . . . . . . . . %
% . . . . . . . . . . . . . . . . . . % % . . . . . . . . . . . . . . . . . .
. % % . . . . % % % > % % % % <*dt-latin.def % % % % % . % % % . . . . . . . .
. . . . . . . . . . . . . % % % . . . . . . . % % % > % % % %
<*dt-lsorbian.def % % % % % . % % % . . . . . . . . . . . . . . . . . . . . .
% % % . . . . . . . . . . . . . . . . . . . . . % % % . % % % . . . . % % % .
. . . % % % . % % % > % % % % <*dt-magyar.def % % % % % . % % % . . . . . . .
. . . . . . . . . . . . . . % % % . . . . % % % > % % % % <*dt-naustrian.def %
% % % % . % % % . . . . . . . . . . . . . . . . . . . . . % % % . . . . % % %
> % % % % <*dt-ngerman.def % % % % % . % % % . . . . . . . . . . . . . . . . .
. . . . % % % . . . . . . . . . . % % . . . . . . . . . . % % % . . . . % % %
> % % % % <*dt-norsk.def % % % % % . % % % . . . . . . . . . . . . . . . . . .
. . . % % % . . . . % % % > % % % % <*dt-polish.def % % % % % . % % % % . . .
. . . . . . . . . . . . . . . . . . % % % % . . . . % % % % . . . . . . . . .
. % % % % . . . . . . . . . . % % % % > % % % % <*dt-portuges.def % % % % % .
% % % . . . . . . . . . . % % % . . . . . . . . . . . . . . . . . . . . . % %
% . . . . . % % % > % % % % <*dt-romanian.def % % % % % . % % % . . . . . . .
. . . . . . . . . . . . . . % % % . . . . % % % . . . . . . . . . . % % % . .
. . . . . . . . % % % > % % % % <*dt-russian.def % % % % % . % % % . . . . . .
. . . . . . . . . . . . . . . % % % . . . . % % % > % % % % <*dt-samin.def % %
% % % . % % % . . . . . . . . . . . . . . . . . . . . . % % % . . . . . % % %
> % % % % <*dt-scottish.def % % % % % . % % % . . . . . . . . . . . . . . . .
. . . . . % % % . . . . % % % > % % % % <*dt-serbian.def % % % % % . % % % . .
. . . . . . . . . . . . . . . . . . . % % % . . . . % % % > % % % %
<*dt-slovak.def % % % % % . % % % . . . . . . . . . . . . . . . . . . . . % %
% . . . . % % % > % % % % <*dt-slovene.def % % % % % . % % % . . . . . . . . .
. . . . . . . . . . . % % % . . . . % % % > % % % % <*dt-spanish.def % % % % %
. % % % . . . . . . . . . . % % % . . . . . . . . . . % % % . . . . . . . . .
. . . . . . . . . . . % % % . . . . % % % > % % % % <*dt-swedish.def % % % % %
. % % % . . . . . . . . . . . . . . . . . . . . % % % % . . . . % % % % . . .
. . % % % % . . . . . % % % > % % % % <*dt-turkish.def % % % % % . % % % . . .
. . . . . . . . . . . . . . . . . % % % . . . . % % % > % % % %
<*dt-UKenglish.def % % % % % . % % % . % % % % . % % % % . % % % % . % % % % .
% % % % . % % % % > % % % % <*dt-ukraineb.def % % % % % . % % % . . . . . . .
. . . . . . . . . . . . . % % % . . . . % % % > % % % % <*dt-USenglish.def % %
% % % . % % % . % % % % . % % % % . % % % % . % % % % . % % % % . % % % % > %
% % % <*dt-usorbian.def % % % % % . % % % . . . . . . . . . . . . . . . . . .
. . % % % . . . . . . . . . . . . . . . . . . . % % % . % % % . . . . % % % .
. . . % % % . % % % > % % % % <*dt-welsh.def % % % % % . % % % % . . % % % % .
. . . . . . . . . . . . . . . . . . . % % % . . . . . . % % % % > % % % %
<*dt-lang.tex % % % . . . . . % . . . . . . . . . . . . . . . . % % % > % % %
% <*dt-sampl.tex % % % . . . . . / . . . . . . . . . . . . . . . . . . . . . .
. . . . . . . . . . . . . . . . . . . . . . . . . . . . . . . . . . . . . . .
. . . . . . . . . . . . . . . . . . . . . . . . . . . . . . . . . . . . . . .
. . . . . . . . . . . . . . . . . . . . . . . . % % % > % % % %
<*datetime.perl % % % % . . . . . . . . . . . . . . . . . . . . . . . . . . .
. . . . . . . . . . . . . . . . . . . . . . . . . . . . . . . . . . . . . . .
. . . . . . . . . . . . . . . . . . . . . . . . . . . . . . . . . . . . . . .
. . . . . . . . . . . . . . . . . . . . . . . . . . . . . . . . . . . . . . .
. . . . . . . . . . . . . . . . . . . . . . . . . . . . . . . . . . . . . . .
. . . . . . . . . . . . . . . . . . . . . . . . . . . . . . . . . . . . . . .
. . . . . . . . . . . . . . . . . . . . . . . . . . . . . . . . . . . . . . .
. . . . . . . . . . . . . . . . . . . . . . . . . . . . . . . . . . . . . . .
. . . . . . . . . . . . . . . . . . . . . . . . . . . . . . . . . . . . . . .
. . . . . . . . . . . . . . . . . . . . . . . . . . . . . . . . . . . . . . .
. . . . . . . . . . . . . . . . . . . . . . . . . . . . . . . . . . . . . . .
. . . . . . . . . . . . . . . . . . . . . . . . . . . . . . . . . . . . . . .
. . . . . . . . . . . . . . . . . . . . . . . . . . . . . . . . . . . . . . .
. . . . . . . . . . . . . . . . . . . . . . . . . . . . . . . . . . . . . . .
. . . . . . . . . . . . . . . . . . . . . . . . . . . . . . . . . . . . . . .
. . . . . . . . . . . . . . . . . . . . . . . . . . . . . . . . . . . . . . .
. . . . . . . . . . . . . . . . . . . . . . . . . . . . . . . . . . . . . . .
. . . . . . . . . . . . . . . . . . . . . . . . . . . . . . . . . . . . . . .
. . . . . . . . . . . . . . . . . . . . . . . . . . . . . . . . . . . . . . .
. . . . . . . . . . . . . . . . . . . . . . . . . . . . . . . . . . . . . . .
. . . . . . . . . . . . . . . . . . . . . . . . . . . . . . . . . . . . . . .
. . . . . . . . . . . . . . . . . . . . . . . . . . . . . . . . . . . . . . .
. . . . . . . . . . . . . . . . . . . . . . . . . . . . . . . . . . . . . . .
. . . . . . . . . . . . . . . . . . . . . . . . . . . . . . . . . . . . . . .
. . . . . . . . . . . . . . . . . . . . . . . . . . . . . . . . . . . . . . .
. . . . . . . . . . . . . . . . . . . . . . . . . . . . . . . . . . . . . . .
. . . . . . . . . . . . . . . . . . . . . . . . . . . . . . . . . . . . . . .
. . . . . . . . . . . . . . . . . . . . . . . . . . . . . . . . . . . . . . .
. . . . . . . . . . . . . . . . . . . . . . . . . . . . . . . . . . . . . . .
. . . . . . . . . . . . . . . . . . . . . . . . . . . . . . . . . . . . . . .
. . . . . . . . . . . . . . . . . . . . . . . . . . . . . . . . . . . . . . .
. . . . . . . . . . . . . . . . . . . . . . . . . . . . . . . . . . . . . . .
. . . . . . . . . . . . . . . . . . . . . . . . . . . . . . . . . . . . . . .
. . . . . . . . . . . . . . . . . . . . . . . . . . . . . . . . . . . . . . .
. . . . . . . . . . . . . . . . . . . . . . . . . . . . . . . . . . . . . . .
. . . . . . . . . . . . . . . . . . . . . . . . . . . . . . . . . . . . . . .
. . . . . . . . . . . . . . . . . . . . . . . . . . . . . . . . . . . . . . .
. . . . . . . . . . . . . . . . . . . . . . . . . . . . . . . . . . . . . . .
. . . . . . . . . . . . . . . . . . . . . . . . . . . . . . . . . . . . . . .
. . . . . . . . . . . . . . . . . . . . . . . . . . . . . . . . . . . . . . .
. . . . . . . . . . . . . . . . . . . . . . . . . . . . . . . . . . . . . . .
. . . . . . . . . . . . . . . . . / . . . . . . . . . . . . . . . . . . . . .
. . . . . . . . . . . . . . . . . . . . . . . . . . . . . . . . . . . . . . .
. . . . . . . . . . . . . . . . . . . . . . . . . . . . . . . . . . . . . . .
. . . . . . . . . . . . . . . . . . . . . . . . . . . . . . . . . . . . . . .
. . . . . . . . . . . . . . . . . . . . . . . . . . . . . . . . . . . . . . .
. . . . . . . . . . . . . . . . . . . . . . . . . . . . . . . . . . . . . . .
. . . . . . . . . . . . . . . . . . . . . . . . . . . . . . . . . . . . . . .
. . . . . . . . . . . . . . . . . . . . . . . . . . . . . . . . . . . . . . .
. . . . . . . . . . . . . . . . . . . . . . . . . . . . . . . . . . . . . . .
. . . . . . . . . . . . . . . . . . . . . . . . . . . . . . . . . . . . . . .
. . . . . . . . . . . . . . . . . . . . . . . . . % % % % > % % %
File datetime.dtx ended by \endinput.
Lines  processed: 6924
Comments removed: 2381
Comments  passed: 15
Codelines passed: 4424

Overall statistics:
Files  processed: 4
Lines  processed: 27696
Comments removed: 9524
Comments  passed: 60
Codelines passed: 17696
 ) 
Here is how much of TeX's memory you used:
 725 strings out of 495062
 9540 string characters out of 1182644
 67457 words of memory out of 3000000
 3947 multiletter control sequences out of 15000+50000
 3640 words of font info for 14 fonts, out of 3000000 for 9000
 28 hyphenation exceptions out of 8191
 11i,0n,15p,888b,519s stack positions out of 5000i,500n,10000p,200000b,50000s

No pages of output.
