This is pdfTeX, Version 3.1415926-1.40.10 (TeX Live 2009/Debian) (format=latex 2013.7.23)  23 JUL 2013 21:40
entering extended mode
 %&-line parsing enabled.
**etoolbox.tex
(./etoolbox.tex
LaTeX2e <2009/09/24>
Babel <v3.8l> and hyphenation patterns for english, usenglishmax, dumylang, noh
yphenation, loaded.
(/usr/share/texmf-texlive/tex/latex/ltxdockit/ltxdockit.cls
Document Class: ltxdockit 2009/05/24 v1.2 latex documentation kit
(/usr/share/texmf-texlive/tex/latex/ltxdockit/ltxdockit.def
File: ltxdockit.def 2009/05/24 v1.2 ltxdockit pre-configuration (dfsg-free)
 (./etoolbox.sty
Package: etoolbox 2011/01/03 v2.1 e-TeX tools for LaTeX

(/usr/share/texmf-texlive/tex/latex/etex-pkg/etex.sty
Package: etex 1998/03/26 v2.0 eTeX basic definition package (PEB)
\et@xins=\count79
)
\etb@tempcnta=\count80
)
(/usr/share/texmf-texlive/tex/latex/koma-script/scrartcl.cls
Document Class: scrartcl 2009/07/24 v3.04a KOMA-Script document class (article)

(/usr/share/texmf-texlive/tex/latex/koma-script/scrkbase.sty
Package: scrkbase 2009/07/24 v3.04a KOMA-Script package (KOMA-Script-dependent 
basics and keyval usage)

(/usr/share/texmf-texlive/tex/latex/koma-script/scrbase.sty
Package: scrbase 2009/07/24 v3.04a KOMA-Script package (KOMA-Script-independent
 basics and keyval usage)

(/usr/share/texmf-texlive/tex/latex/graphics/keyval.sty
Package: keyval 1999/03/16 v1.13 key=value parser (DPC)
\KV@toks@=\toks14
)
(/usr/share/texmf-texlive/tex/latex/koma-script/scrlfile.sty
Package: scrlfile 2009/03/25 v3.03 KOMA-Script package (loading files)

Package scrlfile, 2009/03/25 v3.03 KOMA-Script package (loading files)
                  Copyright (C) Markus Kohm

))) (/usr/share/texmf-texlive/tex/latex/koma-script/tocbasic.sty
Package: tocbasic 2009/06/08 v3.03b KOMA-Script package (handling toc-files)
)
Package tocbasic Info: omitting babel extension for `toc'
(tocbasic)             because of feature `nobabel' available
(tocbasic)             for `toc' on input line 115.
Package tocbasic Info: omitting babel extension for `lof'
(tocbasic)             because of feature `nobabel' available
(tocbasic)             for `lof' on input line 116.
Package tocbasic Info: omitting babel extension for `lot'
(tocbasic)             because of feature `nobabel' available
(tocbasic)             for `lot' on input line 117.
Package scrartcl Info: You've used obsolete option `11pt'.
(scrartcl)             \KOMAExecuteOptions{fontsize=11pt} will be
(scrartcl)             used instead.
(scrartcl)             You may simply replace `11pt'
(scrartcl)             by `fontsize=11pt'.


Class scrartcl Warning: You've used obsolete option `liststotoc'.
(scrartcl)              Usage of this option indicates an old document and
(scrartcl)              changes compatibility level using
(scrartcl)              `listof=totoc,version=first'.
(scrartcl)              If you don't want this, you should simply replace
(scrartcl)              usage of option `liststotoc' by `listof=totoc'.

Class scrartcl Info: Switching compatibility level to `first'.

Class scrartcl Warning: You've used obsolete option `listsleft'.
(scrartcl)              Usage of this option indicates an old document and
(scrartcl)              changes compatibility level using
(scrartcl)              `listof=flat,version=first'.
(scrartcl)              If you don't want this, you should simply replace
(scrartcl)              usage of option `listsleft' by `listof=flat'.

Class scrartcl Info: Switching compatibility level to `first'.
Class scrartcl Info: File `scrsize11pt.clo' used to setup font sizes on input l
ine 1171.
(/usr/share/texmf-texlive/tex/latex/koma-script/scrsize11pt.clo
File: scrsize11pt.clo 2009/07/24 v3.04a KOMA-Script font size class option (11p
t)
)
(/usr/share/texmf-texlive/tex/latex/koma-script/typearea.sty
Package: typearea 2009/07/24 v3.04a KOMA-Script package (type area)

Package typearea, 2009/07/24 v3.04a KOMA-Script package (type area)
                  Copyright (C) Frank Neukam, 1992-1994
                  Copyright (C) Markus Kohm, 1994-

\ta@bcor=\skip41
\ta@div=\count81
\ta@hblk=\skip42
\ta@vblk=\skip43
\ta@temp=\skip44
Package typearea Info: These are the values describing the layout:
(typearea)             DIV  = 9
(typearea)             BCOR = 0.0pt
(typearea)             \paperwidth      = 597.50793pt
(typearea)              \textwidth      = 398.33862pt
(typearea)              DIV departure   = -1%
(typearea)              \evensidemargin = 27.31467pt
(typearea)              \oddsidemargin  = 27.31467pt
(typearea)             \paperheight     = 845.04694pt
(typearea)              \textheight     = 568.60025pt
(typearea)              \topmargin      = -15.7759pt
(typearea)              \headheight     = 17.0pt
(typearea)              \headsep        = 20.40001pt
(typearea)              \topskip        = 11.0pt
(typearea)              \footskip       = 47.60002pt
(typearea)              \baselineskip   = 13.6pt
(typearea)              on input line 1115.
)
\c@part=\count82
\c@section=\count83
\c@subsection=\count84
\c@subsubsection=\count85
\c@paragraph=\count86
\c@subparagraph=\count87
\abovecaptionskip=\skip45
\belowcaptionskip=\skip46
\c@pti@nb@sid@b@x=\box26
\c@figure=\count88
\c@table=\count89
\bibindent=\dimen102
)) (/usr/share/texmf-texlive/tex/latex/tools/multicol.sty
Package: multicol 2008/12/05 v1.6h multicolumn formatting (FMi)
\c@tracingmulticols=\count90
\mult@box=\box27
\multicol@leftmargin=\dimen103
\c@unbalance=\count91
\c@collectmore=\count92
\doublecol@number=\count93
\multicoltolerance=\count94
\multicolpretolerance=\count95
\full@width=\dimen104
\page@free=\dimen105
\premulticols=\dimen106
\postmulticols=\dimen107
\multicolsep=\skip47
\multicolbaselineskip=\skip48
\partial@page=\box28
\last@line=\box29
\mult@rightbox=\box30
\mult@grightbox=\box31
\mult@gfirstbox=\box32
\mult@firstbox=\box33
\@tempa=\box34
\@tempa=\box35
\@tempa=\box36
\@tempa=\box37
\@tempa=\box38
\@tempa=\box39
\@tempa=\box40
\@tempa=\box41
\@tempa=\box42
\@tempa=\box43
\@tempa=\box44
\@tempa=\box45
\@tempa=\box46
\@tempa=\box47
\@tempa=\box48
\@tempa=\box49
\@tempa=\box50
\c@columnbadness=\count96
\c@finalcolumnbadness=\count97
\last@try=\dimen108
\multicolovershoot=\dimen109
\multicolundershoot=\dimen110
\mult@nat@firstbox=\box51
\colbreak@box=\box52
)
(/usr/share/texmf-texlive/tex/latex/base/fontenc.sty
Package: fontenc 2005/09/27 v1.99g Standard LaTeX package

(/usr/share/texmf-texlive/tex/latex/base/t1enc.def
File: t1enc.def 2005/09/27 v1.99g Standard LaTeX file
LaTeX Font Info:    Redeclaring font encoding T1 on input line 43.
))
(/usr/share/texmf-texlive/tex/latex/base/textcomp.sty
Package: textcomp 2005/09/27 v1.99g Standard LaTeX package
Package textcomp Info: Sub-encoding information:
(textcomp)               5 = only ISO-Adobe without \textcurrency
(textcomp)               4 = 5 + \texteuro
(textcomp)               3 = 4 + \textohm
(textcomp)               2 = 3 + \textestimated + \textcurrency
(textcomp)               1 = TS1 - \textcircled - \t
(textcomp)               0 = TS1 (full)
(textcomp)             Font families with sub-encoding setting implement
(textcomp)             only a restricted character set as indicated.
(textcomp)             Family '?' is the default used for unknown fonts.
(textcomp)             See the documentation for details.
Package textcomp Info: Setting ? sub-encoding to TS1/1 on input line 71.

(/usr/share/texmf-texlive/tex/latex/base/ts1enc.def
File: ts1enc.def 2001/06/05 v3.0e (jk/car/fm) Standard LaTeX file
)
LaTeX Info: Redefining \oldstylenums on input line 266.
Package textcomp Info: Setting cmr sub-encoding to TS1/0 on input line 281.
Package textcomp Info: Setting cmss sub-encoding to TS1/0 on input line 282.
Package textcomp Info: Setting cmtt sub-encoding to TS1/0 on input line 283.
Package textcomp Info: Setting cmvtt sub-encoding to TS1/0 on input line 284.
Package textcomp Info: Setting cmbr sub-encoding to TS1/0 on input line 285.
Package textcomp Info: Setting cmtl sub-encoding to TS1/0 on input line 286.
Package textcomp Info: Setting ccr sub-encoding to TS1/0 on input line 287.
Package textcomp Info: Setting ptm sub-encoding to TS1/4 on input line 288.
Package textcomp Info: Setting pcr sub-encoding to TS1/4 on input line 289.
Package textcomp Info: Setting phv sub-encoding to TS1/4 on input line 290.
Package textcomp Info: Setting ppl sub-encoding to TS1/3 on input line 291.
Package textcomp Info: Setting pag sub-encoding to TS1/4 on input line 292.
Package textcomp Info: Setting pbk sub-encoding to TS1/4 on input line 293.
Package textcomp Info: Setting pnc sub-encoding to TS1/4 on input line 294.
Package textcomp Info: Setting pzc sub-encoding to TS1/4 on input line 295.
Package textcomp Info: Setting bch sub-encoding to TS1/4 on input line 296.
Package textcomp Info: Setting put sub-encoding to TS1/5 on input line 297.
Package textcomp Info: Setting uag sub-encoding to TS1/5 on input line 298.
Package textcomp Info: Setting ugq sub-encoding to TS1/5 on input line 299.
Package textcomp Info: Setting ul8 sub-encoding to TS1/4 on input line 300.
Package textcomp Info: Setting ul9 sub-encoding to TS1/4 on input line 301.
Package textcomp Info: Setting augie sub-encoding to TS1/5 on input line 302.
Package textcomp Info: Setting dayrom sub-encoding to TS1/3 on input line 303.
Package textcomp Info: Setting dayroms sub-encoding to TS1/3 on input line 304.

Package textcomp Info: Setting pxr sub-encoding to TS1/0 on input line 305.
Package textcomp Info: Setting pxss sub-encoding to TS1/0 on input line 306.
Package textcomp Info: Setting pxtt sub-encoding to TS1/0 on input line 307.
Package textcomp Info: Setting txr sub-encoding to TS1/0 on input line 308.
Package textcomp Info: Setting txss sub-encoding to TS1/0 on input line 309.
Package textcomp Info: Setting txtt sub-encoding to TS1/0 on input line 310.
Package textcomp Info: Setting futs sub-encoding to TS1/4 on input line 311.
Package textcomp Info: Setting futx sub-encoding to TS1/4 on input line 312.
Package textcomp Info: Setting futj sub-encoding to TS1/4 on input line 313.
Package textcomp Info: Setting hlh sub-encoding to TS1/3 on input line 314.
Package textcomp Info: Setting hls sub-encoding to TS1/3 on input line 315.
Package textcomp Info: Setting hlst sub-encoding to TS1/3 on input line 316.
Package textcomp Info: Setting hlct sub-encoding to TS1/5 on input line 317.
Package textcomp Info: Setting hlx sub-encoding to TS1/5 on input line 318.
Package textcomp Info: Setting hlce sub-encoding to TS1/5 on input line 319.
Package textcomp Info: Setting hlcn sub-encoding to TS1/5 on input line 320.
Package textcomp Info: Setting hlcw sub-encoding to TS1/5 on input line 321.
Package textcomp Info: Setting hlcf sub-encoding to TS1/5 on input line 322.
Package textcomp Info: Setting pplx sub-encoding to TS1/3 on input line 323.
Package textcomp Info: Setting pplj sub-encoding to TS1/3 on input line 324.
Package textcomp Info: Setting ptmx sub-encoding to TS1/4 on input line 325.
Package textcomp Info: Setting ptmj sub-encoding to TS1/4 on input line 326.
)
(/usr/share/texmf-texlive/tex/latex/ltxdockit/ltxdockit.sty
Package: ltxdockit 2009/05/24 v1.2 latex documentation kit

(/usr/share/texmf-texlive/tex/latex/listings/listings.sty
\lst@mode=\count98
\lst@gtempboxa=\box53
\lst@token=\toks15
\lst@length=\count99
\lst@currlwidth=\dimen111
\lst@column=\count100
\lst@pos=\count101
\lst@lostspace=\dimen112
\lst@width=\dimen113
\lst@newlines=\count102
\lst@lineno=\count103
\lst@maxwidth=\dimen114

(/usr/share/texmf-texlive/tex/latex/listings/lstmisc.sty
File: lstmisc.sty 2007/02/22 1.4 (Carsten Heinz)
\c@lstnumber=\count104
\lst@skipnumbers=\count105
\lst@framebox=\box54
)
(/usr/share/texmf-texlive/tex/latex/listings/listings.cfg
File: listings.cfg 2007/02/22 1.4 listings configuration
))
Package: listings 2007/02/22 1.4 (Carsten Heinz)

(/usr/share/texmf-texlive/tex/latex/graphics/color.sty
Package: color 2005/11/14 v1.0j Standard LaTeX Color (DPC)

(/etc/texmf/tex/latex/config/color.cfg
File: color.cfg 2007/01/18 v1.5 color configuration of teTeX/TeXLive
)
Package color Info: Driver file: dvips.def on input line 130.

(/usr/share/texmf-texlive/tex/latex/graphics/dvips.def
File: dvips.def 1999/02/16 v3.0i Driver-dependant file (DPC,SPQR)
)
(/usr/share/texmf-texlive/tex/latex/graphics/dvipsnam.def
File: dvipsnam.def 1999/02/16 v3.0i Driver-dependant file (DPC,SPQR)
))
(/usr/share/texmf-texlive/tex/latex/tools/xspace.sty
Package: xspace 2006/05/08 v1.12 Space after command names (DPC,MH)
)
(/usr/share/texmf-texlive/tex/generic/oberdiek/ifpdf.sty
Package: ifpdf 2009/04/10 v2.0 Provides the ifpdf switch (HO)
Package ifpdf Info: pdfTeX in pdf mode not detected.
)
(/usr/share/texmf-texlive/tex/latex/hyperref/hyperref.sty
Package: hyperref 2009/10/09 v6.79a Hypertext links for LaTeX

(/usr/share/texmf-texlive/tex/generic/oberdiek/ifvtex.sty
Package: ifvtex 2008/11/04 v1.4 Switches for detecting VTeX and its modes (HO)
Package ifvtex Info: VTeX not detected.
)
(/usr/share/texmf-texlive/tex/generic/ifxetex/ifxetex.sty
Package: ifxetex 2009/01/23 v0.5 Provides ifxetex conditional
)
(/usr/share/texmf-texlive/tex/latex/oberdiek/hycolor.sty
Package: hycolor 2009/10/02 v1.5 Code for color options of hyperref/bookmark (H
O)

(/usr/share/texmf-texlive/tex/latex/oberdiek/xcolor-patch.sty
Package: xcolor-patch 2009/10/02 xcolor patch
))
\@linkdim=\dimen115
\Hy@linkcounter=\count106
\Hy@pagecounter=\count107

(/usr/share/texmf-texlive/tex/latex/hyperref/pd1enc.def
File: pd1enc.def 2009/10/09 v6.79a Hyperref: PDFDocEncoding definition (HO)
)
(/usr/share/texmf-texlive/tex/generic/oberdiek/etexcmds.sty
Package: etexcmds 2007/12/12 v1.2 Prefix for e-TeX command names (HO)

(/usr/share/texmf-texlive/tex/generic/oberdiek/infwarerr.sty
Package: infwarerr 2007/09/09 v1.2 Providing info/warning/message (HO)
)
Package etexcmds Info: Could not find \expanded.
(etexcmds)             That can mean that you are not using pdfTeX 1.50 or
(etexcmds)             that some package has redefined \expanded.
(etexcmds)             In the latter case, load this package earlier.
)
(/usr/share/texmf-texlive/tex/latex/latexconfig/hyperref.cfg
File: hyperref.cfg 2002/06/06 v1.2 hyperref configuration of TeXLive
)
(/usr/share/texmf-texlive/tex/latex/oberdiek/kvoptions.sty
Package: kvoptions 2009/08/13 v3.4 Keyval support for LaTeX options (HO)

(/usr/share/texmf-texlive/tex/generic/oberdiek/kvsetkeys.sty
Package: kvsetkeys 2009/07/30 v1.5 Key value parser with default handler suppor
t (HO)
))
Package hyperref Info: Hyper figures OFF on input line 2975.
Package hyperref Info: Link nesting OFF on input line 2980.
Package hyperref Info: Hyper index ON on input line 2983.
Package hyperref Info: Plain pages OFF on input line 2990.
Package hyperref Info: Backreferencing OFF on input line 2995.

Implicit mode ON; LaTeX internals redefined
Package hyperref Info: Bookmarks ON on input line 3191.
(/usr/share/texmf-texlive/tex/latex/ltxmisc/url.sty
\Urlmuskip=\muskip10
Package: url 2006/04/12  ver 3.3  Verb mode for urls, etc.
)
LaTeX Info: Redefining \url on input line 3428.

(/usr/share/texmf-texlive/tex/generic/oberdiek/bitset.sty
Package: bitset 2007/09/28 v1.0 Data type bit set (HO)

(/usr/share/texmf-texlive/tex/generic/oberdiek/intcalc.sty
Package: intcalc 2007/09/27 v1.1 Expandable integer calculations (HO)
)
(/usr/share/texmf-texlive/tex/generic/oberdiek/bigintcalc.sty
Package: bigintcalc 2007/11/11 v1.1 Expandable big integer calculations (HO)

(/usr/share/texmf-texlive/tex/generic/oberdiek/pdftexcmds.sty
Package: pdftexcmds 2009/09/23 v0.6 LuaTeX support for pdfTeX utility functions
 (HO)

(/usr/share/texmf-texlive/tex/generic/oberdiek/ifluatex.sty
Package: ifluatex 2009/04/17 v1.2 Provides the ifluatex switch (HO)
Package ifluatex Info: LuaTeX not detected.
)
(/usr/share/texmf-texlive/tex/generic/oberdiek/ltxcmds.sty
Package: ltxcmds 2009/08/05 v1.0 Some LaTeX kernel commands for general use (HO
)
)
Package pdftexcmds Info: LuaTeX not detected.
Package pdftexcmds Info: \pdf@primitive is available.
Package pdftexcmds Info: \pdf@ifprimitive is available.
)))
\Fld@menulength=\count108
\Field@Width=\dimen116
\Fld@charsize=\dimen117
\Field@toks=\toks16
Package hyperref Info: Hyper figures OFF on input line 4377.
Package hyperref Info: Link nesting OFF on input line 4382.
Package hyperref Info: Hyper index ON on input line 4385.
Package hyperref Info: backreferencing OFF on input line 4392.
Package hyperref Info: Link coloring OFF on input line 4397.
Package hyperref Info: Link coloring with OCG OFF on input line 4402.
Package hyperref Info: PDF/A mode OFF on input line 4407.

(/usr/share/texmf-texlive/tex/generic/oberdiek/atbegshi.sty
Package: atbegshi 2008/07/31 v1.9 At begin shipout hook (HO)
)
\Hy@abspage=\count109
\c@Item=\count110
\c@Hfootnote=\count111
)
*hyperref using default driver hdvips*
(/usr/share/texmf-texlive/tex/latex/hyperref/hdvips.def
File: hdvips.def 2009/10/09 v6.79a Hyperref driver for dvips

(/usr/share/texmf-texlive/tex/latex/hyperref/pdfmark.def
File: pdfmark.def 2009/10/09 v6.79a Hyperref definitions for pdfmark specials
\pdf@docset=\toks17
\pdf@box=\box55
\pdf@toks=\toks18
\pdf@defaulttoks=\toks19
\Fld@listcount=\count112
))
\ltd@tempcnta=\count113
\ltd@tempdima=\dimen118
\marglistwidth=\skip49
\marglistsep=\skip50
\lstenvsep=\skip51
)
(/usr/share/texmf-texlive/tex/latex/oberdiek/hypcap.sty
Package: hypcap 2008/09/08 v1.10 Adjusting anchors of captions (HO)
)
Package hyperref Info: Option `colorlinks' set `true' on input line 48.


Package hyperref Warning: Option `bookmarks' has already been used,
(hyperref)                setting the option has no effect on input line 48.

Package hyperref Info: Option `bookmarksopen' set `false' on input line 48.
Package hyperref Info: Option `bookmarksnumbered' set `false' on input line 48.


Package hyperref Warning: Option `hyperfootnotes' has already been used,
(hyperref)                setting the option has no effect on input line 48.

Package hyperref Info: Option `plainpages' set `false' on input line 48.

Package hyperref Warning: Option `pdfpagelabels' has already been used,
(hyperref)                setting the option has no effect on input line 48.

(/usr/share/texmf-texlive/tex/latex/ltxdockit/ltxdockit.cfg
File: ltxdockit.cfg 2009/05/24 v1.2 ltxdockit configuration (dfsg-free)

(/usr/share/texmf/tex/latex/lm/lmodern.sty
Package: lmodern 2009/10/30 v1.6 Latin Modern Fonts
LaTeX Font Info:    Overwriting symbol font `operators' in version `normal'
(Font)                  OT1/cmr/m/n --> OT1/lmr/m/n on input line 22.
LaTeX Font Info:    Overwriting symbol font `letters' in version `normal'
(Font)                  OML/cmm/m/it --> OML/lmm/m/it on input line 23.
LaTeX Font Info:    Overwriting symbol font `symbols' in version `normal'
(Font)                  OMS/cmsy/m/n --> OMS/lmsy/m/n on input line 24.
LaTeX Font Info:    Overwriting symbol font `largesymbols' in version `normal'
(Font)                  OMX/cmex/m/n --> OMX/lmex/m/n on input line 25.
LaTeX Font Info:    Overwriting symbol font `operators' in version `bold'
(Font)                  OT1/cmr/bx/n --> OT1/lmr/bx/n on input line 26.
LaTeX Font Info:    Overwriting symbol font `letters' in version `bold'
(Font)                  OML/cmm/b/it --> OML/lmm/b/it on input line 27.
LaTeX Font Info:    Overwriting symbol font `symbols' in version `bold'
(Font)                  OMS/cmsy/b/n --> OMS/lmsy/b/n on input line 28.
LaTeX Font Info:    Overwriting symbol font `largesymbols' in version `bold'
(Font)                  OMX/cmex/m/n --> OMX/lmex/m/n on input line 29.
LaTeX Font Info:    Overwriting math alphabet `\mathbf' in version `normal'
(Font)                  OT1/cmr/bx/n --> OT1/lmr/bx/n on input line 31.
LaTeX Font Info:    Overwriting math alphabet `\mathsf' in version `normal'
(Font)                  OT1/cmss/m/n --> OT1/lmss/m/n on input line 32.
LaTeX Font Info:    Overwriting math alphabet `\mathit' in version `normal'
(Font)                  OT1/cmr/m/it --> OT1/lmr/m/it on input line 33.
LaTeX Font Info:    Overwriting math alphabet `\mathtt' in version `normal'
(Font)                  OT1/cmtt/m/n --> OT1/lmtt/m/n on input line 34.
LaTeX Font Info:    Overwriting math alphabet `\mathbf' in version `bold'
(Font)                  OT1/cmr/bx/n --> OT1/lmr/bx/n on input line 35.
LaTeX Font Info:    Overwriting math alphabet `\mathsf' in version `bold'
(Font)                  OT1/cmss/bx/n --> OT1/lmss/bx/n on input line 36.
LaTeX Font Info:    Overwriting math alphabet `\mathit' in version `bold'
(Font)                  OT1/cmr/bx/it --> OT1/lmr/bx/it on input line 37.
LaTeX Font Info:    Overwriting math alphabet `\mathtt' in version `bold'
(Font)                  OT1/cmtt/m/n --> OT1/lmtt/m/n on input line 38.
)))

LaTeX Warning: You have requested, on input line 2, version
               `2010/09/26' of document class ltxdockit,
               but only version
               `2009/05/24 v1.2 latex documentation kit'
               is available.

(/usr/share/texmf-texlive/tex/latex/base/inputenc.sty
Package: inputenc 2008/03/30 v1.1d Input encoding file
\inpenc@prehook=\toks20
\inpenc@posthook=\toks21

(/usr/share/texmf-texlive/tex/latex/base/latin9.def
File: latin9.def 2008/03/30 v1.1d Input encoding file
))
(/usr/share/texmf-texlive/tex/generic/babel/babel.sty
Package: babel 2008/07/06 v3.8l The Babel package

(/usr/share/texmf-texlive/tex/generic/babel/english.ldf
Language: english 2005/03/30 v3.3o English support from the babel system

(/usr/share/texmf-texlive/tex/generic/babel/babel.def
File: babel.def 2008/07/06 v3.8l Babel common definitions
\babel@savecnt=\count114
\U@D=\dimen119
)
\l@british = a dialect from \language\l@english 
\l@UKenglish = a dialect from \language\l@english 
\l@canadian = a dialect from \language\l@american 
\l@australian = a dialect from \language\l@british 
\l@newzealand = a dialect from \language\l@british 
))
(/usr/share/texmf-texlive/tex/latex/csquotes/csquotes.sty
Package: csquotes 2009/09/23 v4.4c context-sensitive quotations
\csq@reset=\count115
\csq@gtype=\count116
\csq@glevel=\count117
\csq@qlevel=\count118
\csq@maxlvl=\count119
\csq@tshold=\count120
\csq@ltx@everypar=\toks22

(/usr/share/texmf-texlive/tex/latex/csquotes/csquotes.def
File: csquotes.def 2009/09/23 v4.4c csquotes generic definitions
)
Package csquotes Info: Trying to load configuration file 'csquotes.cfg'...
Package csquotes Info: ... configuration file loaded successfully.

(/usr/share/texmf-texlive/tex/latex/csquotes/csquotes.cfg
File: csquotes.cfg 2009/05/30 v4.4 csquotes configuration
)
Package csquotes Info: Enabling strict warnings.
)
(/usr/share/texmf-texlive/tex/latex/base/shortvrb.sty
Package: shortvrb 2006/02/02 v2.1d Standard LaTeX documentation package (FMi)
)
Package csquotes Info: Allocating character « on input line 7.
Package csquotes Info: Allocating character » on input line 7.
Package csquotes Info: Allocating character < on input line 8.
Package csquotes Info: Allocating character > on input line 8.
Package shortvrb Info: Made | a short reference for \verb on input line 9.
Package babel Info: Making " an active character on input line 28.
Package csquotes Info: Adjusting default style on input line 28.
Package csquotes Info: Redefining alias 'default' -> 'american' on input line 2
8.

No file etoolbox.aux.
\openout1 = `etoolbox.aux'.

LaTeX Font Info:    Checking defaults for OML/cmm/m/it on input line 28.
LaTeX Font Info:    ... okay on input line 28.
LaTeX Font Info:    Checking defaults for T1/cmr/m/n on input line 28.
LaTeX Font Info:    ... okay on input line 28.
LaTeX Font Info:    Checking defaults for OT1/cmr/m/n on input line 28.
LaTeX Font Info:    ... okay on input line 28.
LaTeX Font Info:    Checking defaults for OMS/cmsy/m/n on input line 28.
LaTeX Font Info:    ... okay on input line 28.
LaTeX Font Info:    Checking defaults for OMX/cmex/m/n on input line 28.
LaTeX Font Info:    ... okay on input line 28.
LaTeX Font Info:    Checking defaults for U/cmr/m/n on input line 28.
LaTeX Font Info:    ... okay on input line 28.
LaTeX Font Info:    Checking defaults for TS1/cmr/m/n on input line 28.
LaTeX Font Info:    Try loading font information for TS1+cmr on input line 28.
(/usr/share/texmf-texlive/tex/latex/base/ts1cmr.fd
File: ts1cmr.fd 1999/05/25 v2.5h Standard LaTeX font definitions
)
LaTeX Font Info:    ... okay on input line 28.
LaTeX Font Info:    Checking defaults for PD1/pdf/m/n on input line 28.
LaTeX Font Info:    ... okay on input line 28.
LaTeX Font Info:    Try loading font information for T1+lmr on input line 28.

(/usr/share/texmf/tex/latex/lm/t1lmr.fd
File: t1lmr.fd 2009/10/30 v1.6 Font defs for Latin Modern
)
\c@lstlisting=\count121
Package hyperref Info: Link coloring ON on input line 28.

(/usr/share/texmf-texlive/tex/latex/hyperref/nameref.sty
Package: nameref 2007/05/29 v2.31 Cross-referencing by name of section

(/usr/share/texmf-texlive/tex/latex/oberdiek/refcount.sty
Package: refcount 2008/08/11 v3.1 Data extraction from references (HO)
)
\c@section@level=\count122
)
LaTeX Info: Redefining \ref on input line 28.
LaTeX Info: Redefining \pageref on input line 28.
\@outlinefile=\write3
\openout3 = `etoolbox.out'.

\AtBeginShipoutBox=\box56


Package hyperref Warning: Rerun to get /PageLabels entry.

Package csquotes Info: Redefining character « on input line 28.
Package csquotes Info: Redefining character » on input line 28.
Package csquotes Info: Making character < active on input line 28.
Package csquotes Info: Making character > active on input line 28.
LaTeX Font Info:    Try loading font information for T1+lmtt on input line 30.
(/usr/share/texmf/tex/latex/lm/t1lmtt.fd
File: t1lmtt.fd 2009/10/30 v1.6 Font defs for Latin Modern
)
LaTeX Font Info:    Font shape `T1/lmtt/bx/n' in size <17.28> not available
(Font)              Font shape `T1/lmtt/b/n' tried instead on input line 30.
LaTeX Font Info:    Try loading font information for T1+lmss on input line 31.

(/usr/share/texmf/tex/latex/lm/t1lmss.fd
File: t1lmss.fd 2009/10/30 v1.6 Font defs for Latin Modern
)
\tf@toc=\write4
\openout4 = `etoolbox.toc'.

LaTeX Font Info:    Font shape `T1/lmtt/bx/n' in size <12> not available
(Font)              Font shape `T1/lmtt/b/n' tried instead on input line 36.
LaTeX Font Info:    Try loading font information for TS1+lmr on input line 42.

(/usr/share/texmf/tex/latex/lm/ts1lmr.fd
File: ts1lmr.fd 2009/10/30 v1.6 Font defs for Latin Modern
)
LaTeX Font Info:    Try loading font information for OT1+lmr on input line 42.

(/usr/share/texmf/tex/latex/lm/ot1lmr.fd
File: ot1lmr.fd 2009/10/30 v1.6 Font defs for Latin Modern
)
LaTeX Font Info:    Try loading font information for OML+lmm on input line 42.

(/usr/share/texmf/tex/latex/lm/omllmm.fd
File: omllmm.fd 2009/10/30 v1.6 Font defs for Latin Modern
)
LaTeX Font Info:    Try loading font information for OMS+lmsy on input line 42.


(/usr/share/texmf/tex/latex/lm/omslmsy.fd
File: omslmsy.fd 2009/10/30 v1.6 Font defs for Latin Modern
)
LaTeX Font Info:    Try loading font information for OMX+lmex on input line 42.


(/usr/share/texmf/tex/latex/lm/omxlmex.fd
File: omxlmex.fd 2009/10/30 v1.6 Font defs for Latin Modern
)
LaTeX Font Info:    External font `lmex10' loaded for size
(Font)              <10.95> on input line 42.
LaTeX Font Info:    External font `lmex10' loaded for size
(Font)              <8> on input line 42.
LaTeX Font Info:    External font `lmex10' loaded for size
(Font)              <6> on input line 42.
LaTeX Font Info:    External font `lmex10' loaded for size
(Font)              <9> on input line 42.
LaTeX Font Info:    External font `lmex10' loaded for size
(Font)              <5> on input line 42.
 [1

] [2] [3] [4] [5] [6] [7] [8]

LaTeX Warning: Reference `aut:pat' on page 9 undefined on input line 349.

[9] [10] [11] [12]

LaTeX Warning: Reference `aut:hok:app' on page 13 undefined on input line 486.


LaTeX Warning: Reference `aut:hok:app' on page 13 undefined on input line 490.


LaTeX Warning: Reference `aut:bo1:bol' on page 13 undefined on input line 501.


LaTeX Warning: Reference `aut:bo1:tgl' on page 13 undefined on input line 501.

[13] [14]
Overfull \hbox (3.85802pt too wide) in paragraph at lines 538--539
[]\T1/lmr/m/n/10.95 This in-cludes all flags de-fined with [] as well as TeX pr
im-i-tives such as [].
 []


LaTeX Warning: Reference `aut:bo1:bol' on page 15 undefined on input line 561.

[15] [16] [17] [18] [19] [20] [21] [22]
Overfull \hbox (3.85802pt too wide) in paragraph at lines 895--896
\T1/lmr/m/n/10.95 This in-cludes all flags de-fined with [] as well as TeX prim
-i-tives such as [].
 []

! Undefined control sequence.
l.909 ...s defined with \cmd{newbool} (see \secref
                                                  {aut:bo1:bol}). In this case
? 
! Interruption.
<to be read again> 
                   {
l.909 ... defined with \cmd{newbool} (see \secref{
                                                  aut:bo1:bol}). In this case
? 
[23]
! Undefined control sequence.
l.967 ...ble. Some of the generic tests in \secref
                                                  {aut:tst} are robust and m...

? 
! Undefined control sequence.
l.971 ...le test. The stand-alone tests in \secref
                                                  {aut:tst} are more efficie...

? 
! Undefined control sequence.
l.971 ... \texttt{test}, \cmd{ifbool} from \secref
                                                  {aut:bo1:bol} is more effi...

? 
! Undefined control sequence.
l.971 ...tt{bool}, and \cmd{iftoggle} from \secref
                                                  {aut:bo1:tgl} is more effi...

? 
[24] [25]

LaTeX Warning: Reference `aut:lst:int' on page 26 undefined on input line 1093.


[26] [27]

LaTeX Warning: Reference `aut:lst:inp' on page 28 undefined on input line 1150.


[28] [29] [30]

LaTeX Warning: Reference `use:env' on page 31 undefined on input line 1273.


LaTeX Warning: Reference `use:env' on page 31 undefined on input line 1274.


LaTeX Warning: Reference `use:env' on page 31 undefined on input line 1275.


LaTeX Warning: Reference `use:env' on page 31 undefined on input line 1276.


LaTeX Warning: Reference `aut:tst:def' on page 31 undefined on input line 1277.



LaTeX Warning: Reference `aut:tst:def' on page 31 undefined on input line 1278.



LaTeX Warning: Reference `aut:tst:cnt' on page 31 undefined on input line 1279.



LaTeX Warning: Reference `aut:tst:cnt' on page 31 undefined on input line 1280.


[31]

LaTeX Warning: Reference `aut:tst:cnt' on page 32 undefined on input line 1281.



LaTeX Warning: Reference `aut:tst:cnt' on page 32 undefined on input line 1282.



LaTeX Warning: Reference `aut:tst:cnt' on page 32 undefined on input line 1283.



LaTeX Warning: Reference `aut:tst:cnt' on page 32 undefined on input line 1284.



LaTeX Warning: Reference `aut:tst:cnt' on page 32 undefined on input line 1285.



LaTeX Warning: Reference `aut:pat' on page 32 undefined on input line 1289.


LaTeX Warning: Reference `aut:def:def' on page 32 undefined on input line 1294.



LaTeX Warning: Reference `aut:lst:inp' on page 32 undefined on input line 1295.



LaTeX Warning: Reference `aut:lst:inp' on page 32 undefined on input line 1296.



LaTeX Warning: Reference `aut:lst:int' on page 32 undefined on input line 1297.



LaTeX Warning: Reference `aut:lst:int' on page 32 undefined on input line 1298.



LaTeX Warning: Reference `aut:tst:def' on page 32 undefined on input line 1299.



LaTeX Warning: Reference `aut:def:def' on page 32 undefined on input line 1306.



LaTeX Warning: Reference `aut:def:def' on page 32 undefined on input line 1307.



LaTeX Warning: Reference `aut:lst:int' on page 32 undefined on input line 1308.



LaTeX Warning: Reference `aut:lst:int' on page 32 undefined on input line 1309.



LaTeX Warning: Reference `aut:tst:str' on page 32 undefined on input line 1310.



LaTeX Warning: Reference `aut:tst:num' on page 32 undefined on input line 1311.



LaTeX Warning: Reference `aut:tst:bol' on page 32 undefined on input line 1312.



LaTeX Warning: Reference `aut:tst:bol' on page 32 undefined on input line 1313.



LaTeX Warning: Reference `aut:tst:bol' on page 32 undefined on input line 1314.



LaTeX Warning: Reference `aut:tst:bol' on page 32 undefined on input line 1315.



LaTeX Warning: Reference `use:cal' on page 32 undefined on input line 1321.


LaTeX Warning: Reference `aut:tst:num' on page 32 undefined on input line 1322.



LaTeX Warning: Reference `aut:tst:num' on page 32 undefined on input line 1323.



LaTeX Warning: Reference `aut:tst:num' on page 32 undefined on input line 1324.


[32]

LaTeX Warning: Reference `aut:tst:num' on page 33 undefined on input line 1325.



LaTeX Warning: Reference `aut:tst:num' on page 33 undefined on input line 1326.



LaTeX Warning: Reference `aut:tst:num' on page 33 undefined on input line 1327.



LaTeX Warning: Reference `aut:tst:num' on page 33 undefined on input line 1328.



LaTeX Warning: Reference `aut:tst:num' on page 33 undefined on input line 1329.



LaTeX Warning: Reference `use:pre' on page 33 undefined on input line 1335.


LaTeX Warning: Reference `use:pat' on page 33 undefined on input line 1343.


LaTeX Warning: Reference `aut:pat' on page 33 undefined on input line 1344.


LaTeX Warning: Reference `aut:pat' on page 33 undefined on input line 1345.


LaTeX Warning: Reference `aut:pat' on page 33 undefined on input line 1346.


LaTeX Warning: Reference `aut:pat' on page 33 undefined on input line 1347.


LaTeX Warning: Reference `aut:pat' on page 33 undefined on input line 1348.


LaTeX Warning: Reference `use:pre' on page 33 undefined on input line 1349.


LaTeX Warning: Reference `aut:tst:def' on page 33 undefined on input line 1350.



LaTeX Warning: Reference `aut:tst:def' on page 33 undefined on input line 1351.



LaTeX Warning: Reference `aut:tst:def' on page 33 undefined on input line 1352.



LaTeX Warning: Reference `aut:tst:def' on page 33 undefined on input line 1353.



LaTeX Warning: Reference `aut:tst:def' on page 33 undefined on input line 1354.



LaTeX Warning: Reference `aut:tst:def' on page 33 undefined on input line 1355.



LaTeX Warning: Reference `aut:tst:def' on page 33 undefined on input line 1356.



LaTeX Warning: Reference `aut:tst:def' on page 33 undefined on input line 1357.



LaTeX Warning: Reference `aut:tst:def' on page 33 undefined on input line 1358.



LaTeX Warning: Reference `aut:tst:def' on page 33 undefined on input line 1359.



LaTeX Warning: Reference `aut:tst:def' on page 33 undefined on input line 1360.



LaTeX Warning: Reference `aut:tst:def' on page 33 undefined on input line 1361.


[33]

LaTeX Warning: Reference `aut:tst:def' on page 34 undefined on input line 1362.



LaTeX Warning: Reference `aut:tst:def' on page 34 undefined on input line 1363.



LaTeX Warning: Reference `aut:tst:str' on page 34 undefined on input line 1364.



LaTeX Warning: Reference `aut:bo1:bol' on page 34 undefined on input line 1365.



LaTeX Warning: Reference `aut:bo1:tgl' on page 34 undefined on input line 1366.



LaTeX Warning: Reference `use:cal' on page 34 undefined on input line 1372.


LaTeX Warning: Reference `use:cal' on page 34 undefined on input line 1373.


LaTeX Warning: Reference `aut:tst:def' on page 34 undefined on input line 1374.



LaTeX Warning: Reference `aut:tst:def' on page 34 undefined on input line 1375.



LaTeX Warning: Reference `aut:msc' on page 34 undefined on input line 1376.


LaTeX Warning: Reference `aut:msc' on page 34 undefined on input line 1377.


LaTeX Warning: Reference `int' on page 34 undefined on input line 1391.


LaTeX Warning: Reference `aut:bo1:tgl' on page 34 undefined on input line 1392.



LaTeX Warning: Reference `aut:bo1:tgl' on page 34 undefined on input line 1393.



LaTeX Warning: Reference `aut:bo1:tgl' on page 34 undefined on input line 1394.



LaTeX Warning: Reference `aut:bo1:tgl' on page 34 undefined on input line 1395.



LaTeX Warning: Reference `aut:bo1:tgl' on page 34 undefined on input line 1396.



LaTeX Warning: Reference `aut:bo1:tgl' on page 34 undefined on input line 1397.



LaTeX Warning: Reference `use:pre' on page 34 undefined on input line 1398.


LaTeX Warning: Reference `use:pre' on page 34 undefined on input line 1399.


LaTeX Warning: Reference `use:pre' on page 34 undefined on input line 1400.


LaTeX Warning: Reference `aut:def:def' on page 34 undefined on input line 1401.



LaTeX Warning: Reference `aut:def:def' on page 34 undefined on input line 1402.



LaTeX Warning: Reference `aut:tst:def' on page 34 undefined on input line 1403.


[34]

LaTeX Warning: Reference `aut:tst:def' on page 35 undefined on input line 1404.



LaTeX Warning: Reference `aut:tst:def' on page 35 undefined on input line 1405.



LaTeX Warning: Reference `aut:tst:def' on page 35 undefined on input line 1406.



LaTeX Warning: Reference `aut:tst:str' on page 35 undefined on input line 1407.



LaTeX Warning: Reference `aut:lst:int' on page 35 undefined on input line 1408.



LaTeX Warning: Reference `aut:lst:int' on page 35 undefined on input line 1409.



LaTeX Warning: Reference `aut:lst:int' on page 35 undefined on input line 1410.



LaTeX Warning: Reference `aut:lst:int' on page 35 undefined on input line 1411.



LaTeX Warning: Reference `aut:lst:int' on page 35 undefined on input line 1412.



LaTeX Warning: Reference `aut:lst:int' on page 35 undefined on input line 1413.



LaTeX Warning: Reference `aut:lst:int' on page 35 undefined on input line 1414.



LaTeX Warning: Reference `aut:lst:int' on page 35 undefined on input line 1415.



LaTeX Warning: Reference `aut:lst:int' on page 35 undefined on input line 1416.



LaTeX Warning: Reference `aut:lst:int' on page 35 undefined on input line 1417.



LaTeX Warning: Reference `aut:lst:int' on page 35 undefined on input line 1418.



LaTeX Warning: Reference `aut:lst:int' on page 35 undefined on input line 1419.



LaTeX Warning: Reference `aut:lst:int' on page 35 undefined on input line 1420.



LaTeX Warning: Reference `aut:lst:int' on page 35 undefined on input line 1421.



LaTeX Warning: Reference `aut:pat' on page 35 undefined on input line 1427.


LaTeX Warning: Reference `aut:pat' on page 35 undefined on input line 1428.


LaTeX Warning: Reference `aut:pat' on page 35 undefined on input line 1429.


LaTeX Warning: Reference `aut:bo1:bol' on page 35 undefined on input line 1430.



LaTeX Warning: Reference `aut:bo1:bol' on page 35 undefined on input line 1431.



LaTeX Warning: Reference `aut:bo1:bol' on page 35 undefined on input line 1432.



LaTeX Warning: Reference `aut:bo1:bol' on page 35 undefined on input line 1433.



LaTeX Warning: Reference `aut:bo1:bol' on page 35 undefined on input line 1434.



LaTeX Warning: Reference `aut:bo1:bol' on page 35 undefined on input line 1435.



LaTeX Warning: Reference `aut:bo1:tgl' on page 35 undefined on input line 1436.



LaTeX Warning: Reference `aut:bo1:tgl' on page 35 undefined on input line 1437.



LaTeX Warning: Reference `aut:bo1:tgl' on page 35 undefined on input line 1438.



LaTeX Warning: Reference `aut:bo1:tgl' on page 35 undefined on input line 1439.


[35]

LaTeX Warning: Reference `aut:bo1:tgl' on page 36 undefined on input line 1440.



LaTeX Warning: Reference `aut:bo1:tgl' on page 36 undefined on input line 1441.



LaTeX Warning: Reference `aut:lst:inp' on page 36 undefined on input line 1442.



LaTeX Warning: Reference `aut:lst:inp' on page 36 undefined on input line 1443.



LaTeX Warning: Reference `aut:msc' on page 36 undefined on input line 1444.


LaTeX Warning: Reference `aut:def:def' on page 36 undefined on input line 1450.



LaTeX Warning: Reference `aut:def:def' on page 36 undefined on input line 1451.



LaTeX Warning: Reference `aut:def:cal' on page 36 undefined on input line 1452.



LaTeX Warning: Reference `aut:def:cal' on page 36 undefined on input line 1453.



LaTeX Warning: Reference `aut:def:cal' on page 36 undefined on input line 1454.



LaTeX Warning: Reference `aut:def:cal' on page 36 undefined on input line 1455.



LaTeX Warning: Reference `aut:def:cal' on page 36 undefined on input line 1456.



LaTeX Warning: Reference `aut:def:cal' on page 36 undefined on input line 1457.



LaTeX Warning: Reference `aut:def:cal' on page 36 undefined on input line 1458.



LaTeX Warning: Reference `aut:def:cal' on page 36 undefined on input line 1459.



LaTeX Warning: Reference `aut:hok:app' on page 36 undefined on input line 1460.



LaTeX Warning: Reference `aut:hok:app' on page 36 undefined on input line 1461.



LaTeX Warning: Reference `aut:hok:app' on page 36 undefined on input line 1462.



LaTeX Warning: Reference `aut:hok:app' on page 36 undefined on input line 1463.



LaTeX Warning: Reference `aut:hok:pre' on page 36 undefined on input line 1464.



LaTeX Warni